<?xml version="1.0" encoding="UTF-8"?>
<testsuites name="ECR_Lite" time="1635" tests="0" failures="4" errors="0">
   <testsuite name="ECR_Lite" tests="0" failures="4" errors="0" time="1635" timestamp="2017-11-20 14:44:19" hostname="nipin - L22622WUS.rpega.com" id="Test Suites/ECR_Lite">
      <properties>
[...]
</properties>
      <testcase name="Test Cases/ECR/TC_ECRLite_NoExpertService_AllApproval" classname="Test Cases/ECR/TC_ECRLite_NoExpertService_AllApproval" status="FAILED">
         <failure type="FAILED" message="Unable to maximize current window (Root cause: org.openqa.selenium.WebDriverException: unknown error: failed to change window state to maximized, current state is normal
  (Session info: chrome=62.0.3202.94)
  (Driver info: chromedriver=2.33.506120 (e3e53437346286c0bc2d2dc9aa4915ba81d9023f),platform=Windows NT 6.1.7601 SP1 x86_64) (WARNING: The server did not provide any stacktrace information)
Command duration or timeout: 0 milliseconds
Build info: version: '3.7.1', revision: '8a0099a', time: '2017-11-06T21:07:36.161Z'
System info: host: 'L22622WUS', ip: '10.2.176.79', os.name: 'Windows 7', os.arch: 'amd64', os.version: '6.1', java.version: '1.8.0_102'
Driver info: com.kms.katalon.selenium.driver.CChromeDriver
Capabilities {acceptSslCerts: true, applicationCacheEnabled: false, browserConnectionEnabled: false, browserName: chrome, chrome: {chromedriverVersion: 2.33.506120 (e3e53437346286..., userDataDir: C:\Users\nipin\AppData\Loca...}, cssSelectorsEnabled: true, databaseEnabled: false, handlesAlerts: true, hasTouchScreen: false, javascriptEnabled: true, locationContextEnabled: true, mobileEmulationEnabled: false, nativeEvents: true, networkConnectionEnabled: false, pageLoadStrategy: normal, platform: XP, platformName: XP, rotatable: false, setWindowRect: true, takesHeapSnapshot: true, takesScreenshot: true, unexpectedAlertBehaviour: , unhandledPromptBehavior: , version: 62.0.3202.94, webStorageEnabled: true}
Session ID: 6234aed03d177a3ff0e8ec5a3449f781)"/>
         <system-out><![CDATA[2017-11-20 14:44:19 - [TEST_CASE][FAILED] - Test Cases/ECR/TC_ECRLite_NoExpertService_AllApproval: Test Cases/ECR/TC_ECRLite_NoExpertService_AllApproval FAILED because (of) Unable to maximize current window (Root cause: org.openqa.selenium.WebDriverException: unknown error: failed to change window state to maximized, current state is normal
  (Session info: chrome=62.0.3202.94)
  (Driver info: chromedriver=2.33.506120 (e3e53437346286c0bc2d2dc9aa4915ba81d9023f),platform=Windows NT 6.1.7601 SP1 x86_64) (WARNING: The server did not provide any stacktrace information)
Command duration or timeout: 0 milliseconds
Build info: version: '3.7.1', revision: '8a0099a', time: '2017-11-06T21:07:36.161Z'
System info: host: 'L22622WUS', ip: '10.2.176.79', os.name: 'Windows 7', os.arch: 'amd64', os.version: '6.1', java.version: '1.8.0_102'
Driver info: com.kms.katalon.selenium.driver.CChromeDriver
Capabilities {acceptSslCerts: true, applicationCacheEnabled: false, browserConnectionEnabled: false, browserName: chrome, chrome: {chromedriverVersion: 2.33.506120 (e3e53437346286..., userDataDir: C:\Users\nipin\AppData\Loca...}, cssSelectorsEnabled: true, databaseEnabled: false, handlesAlerts: true, hasTouchScreen: false, javascriptEnabled: true, locationContextEnabled: true, mobileEmulationEnabled: false, nativeEvents: true, networkConnectionEnabled: false, pageLoadStrategy: normal, platform: XP, platformName: XP, rotatable: false, setWindowRect: true, takesHeapSnapshot: true, takesScreenshot: true, unexpectedAlertBehaviour: , unhandledPromptBehavior: , version: 62.0.3202.94, webStorageEnabled: true}
Session ID: 6234aed03d177a3ff0e8ec5a3449f781)

2017-11-20 14:44:20 - [TEST_STEP][FAILED] - callTestCase: Call Test Case 'Test Cases/ECR/REF/ECR_Lite_NoExpertService' successfully

2017-11-20 14:44:20 - [TEST_CASE][FAILED] - Test Cases/ECR/REF/ECR_Lite_NoExpertService: com.helper.commonfunct.utilities.createECR is PASSED

2017-11-20 14:44:20 - [TEST_STEP][PASSED] - com.helper.commonfunct.utilities.login: com.helper.commonfunct.utilities.login is PASSED

2017-11-20 14:44:24 - [MESSAGE][PASSED] - Browser is opened with url: ''

2017-11-20 14:44:25 - [MESSAGE][PASSED] - Navigate to 'https://vtcpqa2.rpega.com:9030/tcpqa/PRServlet' successfully

2017-11-20 14:44:26 - [MESSAGE][PASSED] - Text 'pogoa@pegasystems.com' is set on object 'Object Repository/input_UserIdentifier'

2017-11-20 14:44:26 - [MESSAGE][PASSED] - Text 'install' is set on object 'Object Repository/input_Password'

2017-11-20 14:44:29 - [MESSAGE][PASSED] - Keys 'ENTER + ' sent to object: 'Object Repository/input_Password'

2017-11-20 14:44:29 - [MESSAGE][PASSED] - com.helper.commonfunct.utilities.login is PASSED

2017-11-20 14:44:29 - [TEST_STEP][FAILED] - com.helper.commonfunct.utilities.createECR: com.helper.commonfunct.utilities.createECR is PASSED

2017-11-20 14:44:29 - [MESSAGE][PASSED] - Object: 'Object Repository/Generic/a_Actions' is clicked on

2017-11-20 14:44:31 - [MESSAGE][PASSED] - Object: 'Object Repository/span_New' is focused

2017-11-20 14:44:33 - [MESSAGE][PASSED] - Object: 'Object Repository/span_Bid Process' is clicked on

2017-11-20 14:44:33 - [MESSAGE][PASSED] - Object: 'Object Repository/ECR/BID_TYPE' is clicked on

2017-11-20 14:44:33 - [MESSAGE][PASSED] - Object 'Object Repository/button_Import' is present

2017-11-20 14:44:38 - [MESSAGE][PASSED] - Delayed 5 second(s)

2017-11-20 14:44:38 - [MESSAGE][PASSED] - Object: 'Object Repository/button_Import' is clicked on

2017-11-20 14:44:38 - [MESSAGE][PASSED] - File 'C:\Users\nipin\Desktop\Latest BSW\Final\ECR_LITE_EXPSVC.xlsm' sent to object: 'Object Repository/input_PpyWorkPageppyFilePath'

2017-11-20 14:44:43 - [MESSAGE][PASSED] - Delayed 5 second(s)

2017-11-20 14:44:43 - [MESSAGE][WARNING] - Timeout '0' is invalid. Using default page load timeout: '30'

2017-11-20 14:44:43 - [MESSAGE][PASSED] - Scroll to object 'Object Repository/button_Submit' successfully

2017-11-20 14:44:44 - [MESSAGE][PASSED] - Object: 'Object Repository/button_Submit' is clicked on

2017-11-20 14:44:44 - [MESSAGE][PASSED] - Object 'Object Repository/EngInfo/COID' is visible

2017-11-20 14:44:49 - [MESSAGE][PASSED] - Delayed 5 second(s)

2017-11-20 14:44:54 - [MESSAGE][PASSED] - Delayed 5 second(s)

2017-11-20 14:44:54 - [MESSAGE][PASSED] - Text 'BOFA' is set on object 'Object Repository/Generic/ORG'

2017-11-20 14:44:59 - [MESSAGE][PASSED] - Delayed 5 second(s)

2017-11-20 14:44:59 - [MESSAGE][PASSED] - Keys 'TAB + ' sent to object: 'Object Repository/Generic/ORG'

2017-11-20 14:45:04 - [MESSAGE][PASSED] - Delayed 5 second(s)

2017-11-20 14:45:05 - [MESSAGE][PASSED] - Text 'BOFA' is set on object 'Object Repository/Generic/ACC'

2017-11-20 14:45:10 - [MESSAGE][PASSED] - Delayed 5 second(s)

2017-11-20 14:45:10 - [MESSAGE][PASSED] - Keys 'TAB + ' sent to object: 'Object Repository/Generic/ACC'

2017-11-20 14:45:15 - [MESSAGE][PASSED] - Delayed 5 second(s)

2017-11-20 14:45:15 - [MESSAGE][PASSED] - Text 'AUTOTEST1' is set on object 'Object Repository/Generic/ENG_DESC'

2017-11-20 14:45:20 - [MESSAGE][PASSED] - Delayed 5 second(s)

2017-11-20 14:45:20 - [MESSAGE][WARNING] - Timeout '0' is invalid. Using default page load timeout: '30'

2017-11-20 14:45:20 - [MESSAGE][PASSED] - Scroll to object 'Object Repository/Generic/SUBMIT' successfully

2017-11-20 14:45:21 - [MESSAGE][PASSED] - Object: 'Object Repository/Generic/SUBMIT' is clicked on

2017-11-20 14:45:26 - [MESSAGE][PASSED] - Delayed 5 second(s)

2017-11-20 14:45:26 - [MESSAGE][PASSED] - Text 'CO-12' is set on object 'Object Repository/EngInfo/COID'

2017-11-20 14:45:33 - [MESSAGE][PASSED] - Delayed 7 second(s)

2017-11-20 14:45:33 - [MESSAGE][PASSED] - Wait for page load successfully

2017-11-20 14:45:33 - [MESSAGE][PASSED] - Object: 'Object Repository/Generic/gapDrivenMethodology' is clicked on

2017-11-20 14:45:38 - [MESSAGE][PASSED] - Delayed 5 second(s)

2017-11-20 14:45:39 - [MESSAGE][PASSED] - Object: 'Object Repository/Generic/RapidDelivery' is clicked on

2017-11-20 14:45:44 - [MESSAGE][PASSED] - Delayed 5 second(s)

2017-11-20 14:45:44 - [MESSAGE][PASSED] - Object: 'Object Repository/Generic/MorethanOneRLS' is clicked on

2017-11-20 14:45:49 - [MESSAGE][PASSED] - Delayed 5 second(s)

2017-11-20 14:45:49 - [MESSAGE][PASSED] - Text '85000' is set on object 'Object Repository/ECR/Licence'

2017-11-20 14:45:54 - [MESSAGE][PASSED] - Delayed 5 second(s)

2017-11-20 14:45:54 - [MESSAGE][PASSED] - Object 'Object Repository/Generic/platform' is visible

2017-11-20 14:45:59 - [MESSAGE][PASSED] - Delayed 5 second(s)

2017-11-20 14:46:00 - [MESSAGE][PASSED] - Keys 'AMPchroma' sent to object: 'Object Repository/Generic/PlatformID'

2017-11-20 14:46:00 - [MESSAGE][FAILED] - Unable to set text 'AMPchroma' of object 'Object Repository/Generic/PlatformID' (Root cause: org.openqa.selenium.InvalidElementStateException: invalid element state: Element must be user-editable in order to clear it.
  (Session info: chrome=62.0.3202.94)
  (Driver info: chromedriver=2.33.506120 (e3e53437346286c0bc2d2dc9aa4915ba81d9023f),platform=Windows NT 6.1.7601 SP1 x86_64) (WARNING: The server did not provide any stacktrace information)
Command duration or timeout: 0 milliseconds
Build info: version: '3.7.1', revision: '8a0099a', time: '2017-11-06T21:07:36.161Z'
System info: host: 'L22622WUS', ip: '10.2.176.79', os.name: 'Windows 7', os.arch: 'amd64', os.version: '6.1', java.version: '1.8.0_102'
Driver info: com.kms.katalon.selenium.driver.CChromeDriver
Capabilities {acceptSslCerts: true, applicationCacheEnabled: false, browserConnectionEnabled: false, browserName: chrome, chrome: {chromedriverVersion: 2.33.506120 (e3e53437346286..., userDataDir: C:\Users\nipin\AppData\Loca...}, cssSelectorsEnabled: true, databaseEnabled: false, handlesAlerts: true, hasTouchScreen: false, javascriptEnabled: true, locationContextEnabled: true, mobileEmulationEnabled: false, nativeEvents: true, networkConnectionEnabled: false, pageLoadStrategy: normal, platform: XP, platformName: XP, rotatable: false, setWindowRect: true, takesHeapSnapshot: true, takesScreenshot: true, unexpectedAlertBehaviour: , unhandledPromptBehavior: , version: 62.0.3202.94, webStorageEnabled: true}
Session ID: eb6c6df7f04087f5a7b00e971291d607)
[[ATTACHMENT|C:\\Users\\nipin\\Katalon Studio\\COE\\Reports\\ECR_Lite\\20171120_144417\\1511207160255.png]]

2017-11-20 14:46:00 - [MESSAGE][PASSED] - Keys 'AMPchroma' sent to object: 'Object Repository/Generic/PlatformID'

2017-11-20 14:46:01 - [MESSAGE][FAILED] - Unable to set text 'AMPchroma' of object 'Object Repository/Generic/PlatformID' (Root cause: org.openqa.selenium.InvalidElementStateException: invalid element state: Element must be user-editable in order to clear it.
  (Session info: chrome=62.0.3202.94)
  (Driver info: chromedriver=2.33.506120 (e3e53437346286c0bc2d2dc9aa4915ba81d9023f),platform=Windows NT 6.1.7601 SP1 x86_64) (WARNING: The server did not provide any stacktrace information)
Command duration or timeout: 0 milliseconds
Build info: version: '3.7.1', revision: '8a0099a', time: '2017-11-06T21:07:36.161Z'
System info: host: 'L22622WUS', ip: '10.2.176.79', os.name: 'Windows 7', os.arch: 'amd64', os.version: '6.1', java.version: '1.8.0_102'
Driver info: com.kms.katalon.selenium.driver.CChromeDriver
Capabilities {acceptSslCerts: true, applicationCacheEnabled: false, browserConnectionEnabled: false, browserName: chrome, chrome: {chromedriverVersion: 2.33.506120 (e3e53437346286..., userDataDir: C:\Users\nipin\AppData\Loca...}, cssSelectorsEnabled: true, databaseEnabled: false, handlesAlerts: true, hasTouchScreen: false, javascriptEnabled: true, locationContextEnabled: true, mobileEmulationEnabled: false, nativeEvents: true, networkConnectionEnabled: false, pageLoadStrategy: normal, platform: XP, platformName: XP, rotatable: false, setWindowRect: true, takesHeapSnapshot: true, takesScreenshot: true, unexpectedAlertBehaviour: , unhandledPromptBehavior: , version: 62.0.3202.94, webStorageEnabled: true}
Session ID: eb6c6df7f04087f5a7b00e971291d607)
[[ATTACHMENT|C:\\Users\\nipin\\Katalon Studio\\COE\\Reports\\ECR_Lite\\20171120_144417\\1511207160851.png]]

2017-11-20 14:46:06 - [MESSAGE][PASSED] - Delayed 5 second(s)

2017-11-20 14:46:06 - [MESSAGE][PASSED] - Keys 'N/A' sent to object: 'Object Repository/Generic/PlatformVersion'

2017-11-20 14:46:06 - [MESSAGE][FAILED] - Unable to set text 'N/A' of object 'Object Repository/Generic/PlatformVersion' (Root cause: org.openqa.selenium.InvalidElementStateException: invalid element state: Element must be user-editable in order to clear it.
  (Session info: chrome=62.0.3202.94)
  (Driver info: chromedriver=2.33.506120 (e3e53437346286c0bc2d2dc9aa4915ba81d9023f),platform=Windows NT 6.1.7601 SP1 x86_64) (WARNING: The server did not provide any stacktrace information)
Command duration or timeout: 0 milliseconds
Build info: version: '3.7.1', revision: '8a0099a', time: '2017-11-06T21:07:36.161Z'
System info: host: 'L22622WUS', ip: '10.2.176.79', os.name: 'Windows 7', os.arch: 'amd64', os.version: '6.1', java.version: '1.8.0_102'
Driver info: com.kms.katalon.selenium.driver.CChromeDriver
Capabilities {acceptSslCerts: true, applicationCacheEnabled: false, browserConnectionEnabled: false, browserName: chrome, chrome: {chromedriverVersion: 2.33.506120 (e3e53437346286..., userDataDir: C:\Users\nipin\AppData\Loca...}, cssSelectorsEnabled: true, databaseEnabled: false, handlesAlerts: true, hasTouchScreen: false, javascriptEnabled: true, locationContextEnabled: true, mobileEmulationEnabled: false, nativeEvents: true, networkConnectionEnabled: false, pageLoadStrategy: normal, platform: XP, platformName: XP, rotatable: false, setWindowRect: true, takesHeapSnapshot: true, takesScreenshot: true, unexpectedAlertBehaviour: , unhandledPromptBehavior: , version: 62.0.3202.94, webStorageEnabled: true}
Session ID: eb6c6df7f04087f5a7b00e971291d607)
[[ATTACHMENT|C:\\Users\\nipin\\Katalon Studio\\COE\\Reports\\ECR_Lite\\20171120_144417\\1511207166525.png]]

2017-11-20 14:46:06 - [MESSAGE][PASSED] - Keys 'N/A' sent to object: 'Object Repository/Generic/PlatformVersion'

2017-11-20 14:46:07 - [MESSAGE][FAILED] - Unable to set text 'N/A' of object 'Object Repository/Generic/PlatformVersion' (Root cause: org.openqa.selenium.InvalidElementStateException: invalid element state: Element must be user-editable in order to clear it.
  (Session info: chrome=62.0.3202.94)
  (Driver info: chromedriver=2.33.506120 (e3e53437346286c0bc2d2dc9aa4915ba81d9023f),platform=Windows NT 6.1.7601 SP1 x86_64) (WARNING: The server did not provide any stacktrace information)
Command duration or timeout: 0 milliseconds
Build info: version: '3.7.1', revision: '8a0099a', time: '2017-11-06T21:07:36.161Z'
System info: host: 'L22622WUS', ip: '10.2.176.79', os.name: 'Windows 7', os.arch: 'amd64', os.version: '6.1', java.version: '1.8.0_102'
Driver info: com.kms.katalon.selenium.driver.CChromeDriver
Capabilities {acceptSslCerts: true, applicationCacheEnabled: false, browserConnectionEnabled: false, browserName: chrome, chrome: {chromedriverVersion: 2.33.506120 (e3e53437346286..., userDataDir: C:\Users\nipin\AppData\Loca...}, cssSelectorsEnabled: true, databaseEnabled: false, handlesAlerts: true, hasTouchScreen: false, javascriptEnabled: true, locationContextEnabled: true, mobileEmulationEnabled: false, nativeEvents: true, networkConnectionEnabled: false, pageLoadStrategy: normal, platform: XP, platformName: XP, rotatable: false, setWindowRect: true, takesHeapSnapshot: true, takesScreenshot: true, unexpectedAlertBehaviour: , unhandledPromptBehavior: , version: 62.0.3202.94, webStorageEnabled: true}
Session ID: eb6c6df7f04087f5a7b00e971291d607)
[[ATTACHMENT|C:\\Users\\nipin\\Katalon Studio\\COE\\Reports\\ECR_Lite\\20171120_144417\\1511207167003.png]]

2017-11-20 14:46:12 - [MESSAGE][PASSED] - Delayed 5 second(s)

2017-11-20 14:46:12 - [MESSAGE][PASSED] - Object: 'Object Repository/Generic/PlatformTrue' is clicked on

2017-11-20 14:46:17 - [MESSAGE][PASSED] - Delayed 5 second(s)

2017-11-20 14:46:17 - [MESSAGE][PASSED] - Keys 'Jeff Henderson' sent to object: 'Object Repository/EngInfo/PL'

2017-11-20 14:46:22 - [MESSAGE][PASSED] - Delayed 5 second(s)

2017-11-20 14:46:23 - [MESSAGE][PASSED] - Keys 'Robert Higgins' sent to object: 'Object Repository/EngInfo/PLTL'

2017-11-20 14:46:28 - [MESSAGE][PASSED] - Delayed 5 second(s)

2017-11-20 14:46:28 - [MESSAGE][PASSED] - Keys 'Eric Panepinto' sent to object: 'Object Repository/EngInfo/RL'

2017-11-20 14:46:33 - [MESSAGE][PASSED] - Delayed 5 second(s)

2017-11-20 14:46:33 - [MESSAGE][PASSED] - Keys 'Robert Lang' sent to object: 'Object Repository/EngInfo/RD'

2017-11-20 14:46:38 - [MESSAGE][PASSED] - Delayed 5 second(s)

2017-11-20 14:46:38 - [MESSAGE][PASSED] - Scroll to object 'Object Repository/NEXT_BUTTON' successfully

2017-11-20 14:46:38 - [MESSAGE][PASSED] - Object: 'Object Repository/NEXT_BUTTON' is clicked on

2017-11-20 14:46:45 - [MESSAGE][PASSED] - Delayed 7 second(s)

2017-11-20 14:46:46 - [MESSAGE][PASSED] - Scroll to object 'Object Repository/NEXT_BUTTON' successfully

2017-11-20 14:46:46 - [MESSAGE][PASSED] - Object: 'Object Repository/NEXT_BUTTON' is clicked on

2017-11-20 14:46:53 - [MESSAGE][PASSED] - Delayed 7 second(s)

2017-11-20 14:46:53 - [MESSAGE][PASSED] - Wait for page load successfully

2017-11-20 14:46:53 - [MESSAGE][PASSED] - Scroll to object 'Object Repository/Generic/FINISH_BUTTON' successfully

2017-11-20 14:46:53 - [MESSAGE][PASSED] - Object: 'Object Repository/Generic/FINISH_BUTTON' is clicked on

2017-11-20 14:46:58 - [MESSAGE][PASSED] - Delayed 5 second(s)

2017-11-20 14:46:58 - [MESSAGE][PASSED] - Text of object 'Object Repository/WO' is: 'ECR-20Nov2017-28'

2017-11-20 14:46:58 - [MESSAGE][PASSED] - Text of object 'Object Repository/ECR/WOSTATUS' is: 'Pending-RDApproval'

2017-11-20 14:46:58 - [MESSAGE][PASSED] - com.helper.commonfunct.utilities.createECR is PASSED

2017-11-20 14:46:58 - [MESSAGE][PASSED] - Call Test Case 'Test Cases/ECR/REF/ECR_Lite_NoExpertService' successfully

2017-11-20 14:46:58 - [TEST_STEP][FAILED] - callTestCase: Unable to call Test Case with id 'Test Cases/ECR/REF/ECR_Approval_Reject' (Root cause: Call Test Case 'Test Cases/ECR/REF/ECR_Approval_Reject' failed)

2017-11-20 14:46:58 - [TEST_CASE][FAILED] - Test Cases/ECR/REF/ECR_Approval_Reject: Test Cases/ECR/REF/ECR_Approval_Reject FAILED because (of) Unable to maximize current window (Root cause: org.openqa.selenium.WebDriverException: unknown error: failed to change window state to maximized, current state is normal
  (Session info: chrome=62.0.3202.94)
  (Driver info: chromedriver=2.33.506120 (e3e53437346286c0bc2d2dc9aa4915ba81d9023f),platform=Windows NT 6.1.7601 SP1 x86_64) (WARNING: The server did not provide any stacktrace information)
Command duration or timeout: 0 milliseconds
Build info: version: '3.7.1', revision: '8a0099a', time: '2017-11-06T21:07:36.161Z'
System info: host: 'L22622WUS', ip: '10.2.176.79', os.name: 'Windows 7', os.arch: 'amd64', os.version: '6.1', java.version: '1.8.0_102'
Driver info: com.kms.katalon.selenium.driver.CChromeDriver
Capabilities {acceptSslCerts: true, applicationCacheEnabled: false, browserConnectionEnabled: false, browserName: chrome, chrome: {chromedriverVersion: 2.33.506120 (e3e53437346286..., userDataDir: C:\Users\nipin\AppData\Loca...}, cssSelectorsEnabled: true, databaseEnabled: false, handlesAlerts: true, hasTouchScreen: false, javascriptEnabled: true, locationContextEnabled: true, mobileEmulationEnabled: false, nativeEvents: true, networkConnectionEnabled: false, pageLoadStrategy: normal, platform: XP, platformName: XP, rotatable: false, setWindowRect: true, takesHeapSnapshot: true, takesScreenshot: true, unexpectedAlertBehaviour: , unhandledPromptBehavior: , version: 62.0.3202.94, webStorageEnabled: true}
Session ID: 6234aed03d177a3ff0e8ec5a3449f781)

2017-11-20 14:46:59 - [TEST_STEP][FAILED] - Statement - While (WOSTATUS.contains("Pending")): Unable to maximize current window (Root cause: org.openqa.selenium.WebDriverException: unknown error: failed to change window state to maximized, current state is normal
  (Session info: chrome=62.0.3202.94)
  (Driver info: chromedriver=2.33.506120 (e3e53437346286c0bc2d2dc9aa4915ba81d9023f),platform=Windows NT 6.1.7601 SP1 x86_64) (WARNING: The server did not provide any stacktrace information)
Command duration or timeout: 0 milliseconds
Build info: version: '3.7.1', revision: '8a0099a', time: '2017-11-06T21:07:36.161Z'
System info: host: 'L22622WUS', ip: '10.2.176.79', os.name: 'Windows 7', os.arch: 'amd64', os.version: '6.1', java.version: '1.8.0_102'
Driver info: com.kms.katalon.selenium.driver.CChromeDriver
Capabilities {acceptSslCerts: true, applicationCacheEnabled: false, browserConnectionEnabled: false, browserName: chrome, chrome: {chromedriverVersion: 2.33.506120 (e3e53437346286..., userDataDir: C:\Users\nipin\AppData\Loca...}, cssSelectorsEnabled: true, databaseEnabled: false, handlesAlerts: true, hasTouchScreen: false, javascriptEnabled: true, locationContextEnabled: true, mobileEmulationEnabled: false, nativeEvents: true, networkConnectionEnabled: false, pageLoadStrategy: normal, platform: XP, platformName: XP, rotatable: false, setWindowRect: true, takesHeapSnapshot: true, takesScreenshot: true, unexpectedAlertBehaviour: , unhandledPromptBehavior: , version: 62.0.3202.94, webStorageEnabled: true}
Session ID: 6234aed03d177a3ff0e8ec5a3449f781)

2017-11-20 14:46:59 - [TEST_STEP][FAILED] - Statement - For ([j = 0, j < AssignmentList.size(), (j++)]): Unable to maximize current window (Root cause: org.openqa.selenium.WebDriverException: unknown error: failed to change window state to maximized, current state is normal
  (Session info: chrome=62.0.3202.94)
  (Driver info: chromedriver=2.33.506120 (e3e53437346286c0bc2d2dc9aa4915ba81d9023f),platform=Windows NT 6.1.7601 SP1 x86_64) (WARNING: The server did not provide any stacktrace information)
Command duration or timeout: 0 milliseconds
Build info: version: '3.7.1', revision: '8a0099a', time: '2017-11-06T21:07:36.161Z'
System info: host: 'L22622WUS', ip: '10.2.176.79', os.name: 'Windows 7', os.arch: 'amd64', os.version: '6.1', java.version: '1.8.0_102'
Driver info: com.kms.katalon.selenium.driver.CChromeDriver
Capabilities {acceptSslCerts: true, applicationCacheEnabled: false, browserConnectionEnabled: false, browserName: chrome, chrome: {chromedriverVersion: 2.33.506120 (e3e53437346286..., userDataDir: C:\Users\nipin\AppData\Loca...}, cssSelectorsEnabled: true, databaseEnabled: false, handlesAlerts: true, hasTouchScreen: false, javascriptEnabled: true, locationContextEnabled: true, mobileEmulationEnabled: false, nativeEvents: true, networkConnectionEnabled: false, pageLoadStrategy: normal, platform: XP, platformName: XP, rotatable: false, setWindowRect: true, takesHeapSnapshot: true, takesScreenshot: true, unexpectedAlertBehaviour: , unhandledPromptBehavior: , version: 62.0.3202.94, webStorageEnabled: true}
Session ID: 6234aed03d177a3ff0e8ec5a3449f781)

2017-11-20 14:46:59 - [TEST_STEP][PASSED] - Statement - Status = text: null

2017-11-20 14:46:59 - [TEST_STEP][PASSED] - Statement - println(Status): null

2017-11-20 14:46:59 - [TEST_STEP][PASSED] - Statement - If (Status == "Pending-RDApproval"): com.helper.commonfunct.utilities.WOstatus is PASSED

2017-11-20 14:46:59 - [TEST_STEP][PASSED] - Statement - If (RDReject == false): com.helper.commonfunct.utilities.WOstatus is PASSED

2017-11-20 14:46:59 - [TEST_STEP][PASSED] - Statement - If (Meeting == true): null

2017-11-20 14:46:59 - [TEST_STEP][PASSED] - Statement - Else: com.helper.commonfunct.utilities.WOstatus is PASSED

2017-11-20 14:46:59 - [TEST_STEP][PASSED] - com.helper.commonfunct.utilities.login: com.helper.commonfunct.utilities.login is PASSED

2017-11-20 14:46:59 - [MESSAGE][WARNING] - A browser is already opened. Closing browser and opening a new one

2017-11-20 14:47:02 - [MESSAGE][PASSED] - Browser is opened with url: ''

2017-11-20 14:47:03 - [MESSAGE][PASSED] - Navigate to 'https://vtcpqa2.rpega.com:9030/tcpqa/PRServlet' successfully

2017-11-20 14:47:03 - [MESSAGE][PASSED] - Text 'langr1@pegasystems.com' is set on object 'Object Repository/input_UserIdentifier'

2017-11-20 14:47:03 - [MESSAGE][PASSED] - Text 'install' is set on object 'Object Repository/input_Password'

2017-11-20 14:47:06 - [MESSAGE][PASSED] - Keys 'ENTER + ' sent to object: 'Object Repository/input_Password'

2017-11-20 14:47:06 - [MESSAGE][PASSED] - com.helper.commonfunct.utilities.login is PASSED

2017-11-20 14:47:06 - [TEST_STEP][PASSED] - com.helper.commonfunct.utilities.search: com.helper.commonfunct.utilities.search is PASSED

2017-11-20 14:47:07 - [MESSAGE][PASSED] - Current window maximized

2017-11-20 14:47:12 - [MESSAGE][PASSED] - Delayed 5 second(s)

2017-11-20 14:47:12 - [MESSAGE][PASSED] - Text 'ECR-20Nov2017-28' is set on object 'Object Repository/EngInfo/search'

2017-11-20 14:47:17 - [MESSAGE][PASSED] - Delayed 5 second(s)

2017-11-20 14:47:17 - [MESSAGE][PASSED] - Keys 'ENTER + ' sent to object: 'Object Repository/EngInfo/search'

2017-11-20 14:47:22 - [MESSAGE][PASSED] - Delayed 5 second(s)

2017-11-20 14:47:22 - [MESSAGE][PASSED] - com.helper.commonfunct.utilities.search is PASSED

2017-11-20 14:47:22 - [TEST_STEP][PASSED] - com.helper.commonfunct.utilities.approve: com.helper.commonfunct.utilities.approve is PASSED

2017-11-20 14:47:27 - [MESSAGE][PASSED] - Delayed 5 second(s)

2017-11-20 14:47:27 - [MESSAGE][WARNING] - Timeout '0' is invalid. Using default page load timeout: '30'

2017-11-20 14:47:29 - [MESSAGE][PASSED] - Object: 'Object Repository/Approve-Reject/link_assignment' is clicked on

2017-11-20 14:47:34 - [MESSAGE][PASSED] - Delayed 5 second(s)

2017-11-20 14:47:34 - [MESSAGE][WARNING] - Timeout '0' is invalid. Using default page load timeout: '30'

2017-11-20 14:47:34 - [MESSAGE][PASSED] - Scroll to object 'Object Repository/Approve-Reject/APPROVE_BUTTON' successfully

2017-11-20 14:47:34 - [MESSAGE][PASSED] - Object: 'Object Repository/Approve-Reject/APPROVE_BUTTON' is clicked on

2017-11-20 14:47:39 - [MESSAGE][PASSED] - Delayed 5 second(s)

2017-11-20 14:47:39 - [MESSAGE][PASSED] - Keys 'testing' sent to object: 'Object Repository/Approve-Reject/APPROVE_REJECT_NOTES'

2017-11-20 14:47:44 - [MESSAGE][PASSED] - Delayed 5 second(s)

2017-11-20 14:47:44 - [MESSAGE][WARNING] - Timeout '0' is invalid. Using default page load timeout: '30'

2017-11-20 14:47:44 - [MESSAGE][PASSED] - Scroll to object 'Object Repository/Generic/SUBMIT' successfully

2017-11-20 14:47:49 - [MESSAGE][PASSED] - Object: 'Object Repository/Generic/SUBMIT' is clicked on

2017-11-20 14:47:54 - [MESSAGE][PASSED] - Delayed 5 second(s)

2017-11-20 14:47:54 - [MESSAGE][PASSED] - com.helper.commonfunct.utilities.approve is PASSED

2017-11-20 14:47:54 - [TEST_STEP][PASSED] - com.helper.commonfunct.utilities.WOstatus: com.helper.commonfunct.utilities.WOstatus is PASSED

2017-11-20 14:47:55 - [MESSAGE][PASSED] - Text of object 'Object Repository/ECR/WOSTATUS' is: 'Pending-Approval'

2017-11-20 14:47:55 - [MESSAGE][PASSED] - com.helper.commonfunct.utilities.WOstatus is PASSED

2017-11-20 14:47:55 - [TEST_STEP][PASSED] - Statement - Status = text: null

2017-11-20 14:47:55 - [TEST_STEP][PASSED] - Statement - println(Status): null

2017-11-20 14:47:55 - [TEST_STEP][PASSED] - Statement - If (Status == "Pending-RDApproval"): null

2017-11-20 14:47:55 - [TEST_STEP][PASSED] - Statement - Else If (Status == "Pending-RLApproval"): null

2017-11-20 14:47:55 - [TEST_STEP][PASSED] - Statement - Else If (Status == "Pending-RDDApproval"): null

2017-11-20 14:47:55 - [TEST_STEP][FAILED] - Statement - Else If (Status == "Pending-OPSApproval"): Unable to maximize current window (Root cause: org.openqa.selenium.WebDriverException: unknown error: failed to change window state to maximized, current state is normal
  (Session info: chrome=62.0.3202.94)
  (Driver info: chromedriver=2.33.506120 (e3e53437346286c0bc2d2dc9aa4915ba81d9023f),platform=Windows NT 6.1.7601 SP1 x86_64) (WARNING: The server did not provide any stacktrace information)
Command duration or timeout: 0 milliseconds
Build info: version: '3.7.1', revision: '8a0099a', time: '2017-11-06T21:07:36.161Z'
System info: host: 'L22622WUS', ip: '10.2.176.79', os.name: 'Windows 7', os.arch: 'amd64', os.version: '6.1', java.version: '1.8.0_102'
Driver info: com.kms.katalon.selenium.driver.CChromeDriver
Capabilities {acceptSslCerts: true, applicationCacheEnabled: false, browserConnectionEnabled: false, browserName: chrome, chrome: {chromedriverVersion: 2.33.506120 (e3e53437346286..., userDataDir: C:\Users\nipin\AppData\Loca...}, cssSelectorsEnabled: true, databaseEnabled: false, handlesAlerts: true, hasTouchScreen: false, javascriptEnabled: true, locationContextEnabled: true, mobileEmulationEnabled: false, nativeEvents: true, networkConnectionEnabled: false, pageLoadStrategy: normal, platform: XP, platformName: XP, rotatable: false, setWindowRect: true, takesHeapSnapshot: true, takesScreenshot: true, unexpectedAlertBehaviour: , unhandledPromptBehavior: , version: 62.0.3202.94, webStorageEnabled: true}
Session ID: 6234aed03d177a3ff0e8ec5a3449f781)

2017-11-20 14:47:55 - [TEST_STEP][FAILED] - Statement - If (OpsReject == false): Unable to maximize current window (Root cause: org.openqa.selenium.WebDriverException: unknown error: failed to change window state to maximized, current state is normal
  (Session info: chrome=62.0.3202.94)
  (Driver info: chromedriver=2.33.506120 (e3e53437346286c0bc2d2dc9aa4915ba81d9023f),platform=Windows NT 6.1.7601 SP1 x86_64) (WARNING: The server did not provide any stacktrace information)
Command duration or timeout: 0 milliseconds
Build info: version: '3.7.1', revision: '8a0099a', time: '2017-11-06T21:07:36.161Z'
System info: host: 'L22622WUS', ip: '10.2.176.79', os.name: 'Windows 7', os.arch: 'amd64', os.version: '6.1', java.version: '1.8.0_102'
Driver info: com.kms.katalon.selenium.driver.CChromeDriver
Capabilities {acceptSslCerts: true, applicationCacheEnabled: false, browserConnectionEnabled: false, browserName: chrome, chrome: {chromedriverVersion: 2.33.506120 (e3e53437346286..., userDataDir: C:\Users\nipin\AppData\Loca...}, cssSelectorsEnabled: true, databaseEnabled: false, handlesAlerts: true, hasTouchScreen: false, javascriptEnabled: true, locationContextEnabled: true, mobileEmulationEnabled: false, nativeEvents: true, networkConnectionEnabled: false, pageLoadStrategy: normal, platform: XP, platformName: XP, rotatable: false, setWindowRect: true, takesHeapSnapshot: true, takesScreenshot: true, unexpectedAlertBehaviour: , unhandledPromptBehavior: , version: 62.0.3202.94, webStorageEnabled: true}
Session ID: 6234aed03d177a3ff0e8ec5a3449f781)

2017-11-20 14:47:55 - [TEST_STEP][PASSED] - com.helper.commonfunct.utilities.login: com.helper.commonfunct.utilities.login is PASSED

2017-11-20 14:47:55 - [MESSAGE][WARNING] - A browser is already opened. Closing browser and opening a new one

2017-11-20 14:47:58 - [MESSAGE][PASSED] - Browser is opened with url: ''

2017-11-20 14:47:58 - [MESSAGE][PASSED] - Navigate to 'https://vtcpqa2.rpega.com:9030/tcpqa/PRServlet' successfully

2017-11-20 14:47:59 - [MESSAGE][PASSED] - Text 'pogoa@pegasystems.com' is set on object 'Object Repository/input_UserIdentifier'

2017-11-20 14:47:59 - [MESSAGE][PASSED] - Text 'install' is set on object 'Object Repository/input_Password'

2017-11-20 14:48:02 - [MESSAGE][PASSED] - Keys 'ENTER + ' sent to object: 'Object Repository/input_Password'

2017-11-20 14:48:02 - [MESSAGE][PASSED] - com.helper.commonfunct.utilities.login is PASSED

2017-11-20 14:48:02 - [TEST_STEP][FAILED] - com.helper.commonfunct.utilities.search: Unable to maximize current window (Root cause: org.openqa.selenium.WebDriverException: unknown error: failed to change window state to maximized, current state is normal
  (Session info: chrome=62.0.3202.94)
  (Driver info: chromedriver=2.33.506120 (e3e53437346286c0bc2d2dc9aa4915ba81d9023f),platform=Windows NT 6.1.7601 SP1 x86_64) (WARNING: The server did not provide any stacktrace information)
Command duration or timeout: 0 milliseconds
Build info: version: '3.7.1', revision: '8a0099a', time: '2017-11-06T21:07:36.161Z'
System info: host: 'L22622WUS', ip: '10.2.176.79', os.name: 'Windows 7', os.arch: 'amd64', os.version: '6.1', java.version: '1.8.0_102'
Driver info: com.kms.katalon.selenium.driver.CChromeDriver
Capabilities {acceptSslCerts: true, applicationCacheEnabled: false, browserConnectionEnabled: false, browserName: chrome, chrome: {chromedriverVersion: 2.33.506120 (e3e53437346286..., userDataDir: C:\Users\nipin\AppData\Loca...}, cssSelectorsEnabled: true, databaseEnabled: false, handlesAlerts: true, hasTouchScreen: false, javascriptEnabled: true, locationContextEnabled: true, mobileEmulationEnabled: false, nativeEvents: true, networkConnectionEnabled: false, pageLoadStrategy: normal, platform: XP, platformName: XP, rotatable: false, setWindowRect: true, takesHeapSnapshot: true, takesScreenshot: true, unexpectedAlertBehaviour: , unhandledPromptBehavior: , version: 62.0.3202.94, webStorageEnabled: true}
Session ID: 6234aed03d177a3ff0e8ec5a3449f781)

2017-11-20 14:48:04 - [MESSAGE][FAILED] - Unable to maximize current window (Root cause: org.openqa.selenium.WebDriverException: unknown error: failed to change window state to maximized, current state is normal
  (Session info: chrome=62.0.3202.94)
  (Driver info: chromedriver=2.33.506120 (e3e53437346286c0bc2d2dc9aa4915ba81d9023f),platform=Windows NT 6.1.7601 SP1 x86_64) (WARNING: The server did not provide any stacktrace information)
Command duration or timeout: 0 milliseconds
Build info: version: '3.7.1', revision: '8a0099a', time: '2017-11-06T21:07:36.161Z'
System info: host: 'L22622WUS', ip: '10.2.176.79', os.name: 'Windows 7', os.arch: 'amd64', os.version: '6.1', java.version: '1.8.0_102'
Driver info: com.kms.katalon.selenium.driver.CChromeDriver
Capabilities {acceptSslCerts: true, applicationCacheEnabled: false, browserConnectionEnabled: false, browserName: chrome, chrome: {chromedriverVersion: 2.33.506120 (e3e53437346286..., userDataDir: C:\Users\nipin\AppData\Loca...}, cssSelectorsEnabled: true, databaseEnabled: false, handlesAlerts: true, hasTouchScreen: false, javascriptEnabled: true, locationContextEnabled: true, mobileEmulationEnabled: false, nativeEvents: true, networkConnectionEnabled: false, pageLoadStrategy: normal, platform: XP, platformName: XP, rotatable: false, setWindowRect: true, takesHeapSnapshot: true, takesScreenshot: true, unexpectedAlertBehaviour: , unhandledPromptBehavior: , version: 62.0.3202.94, webStorageEnabled: true}
Session ID: 6234aed03d177a3ff0e8ec5a3449f781)
[[ATTACHMENT|C:\\Users\\nipin\\Katalon Studio\\COE\\Reports\\ECR_Lite\\20171120_144417\\1511207283753.png]]

2017-11-20 14:48:04 - [MESSAGE][FAILED] - Unable to maximize current window (Root cause: org.openqa.selenium.WebDriverException: unknown error: failed to change window state to maximized, current state is normal
  (Session info: chrome=62.0.3202.94)
  (Driver info: chromedriver=2.33.506120 (e3e53437346286c0bc2d2dc9aa4915ba81d9023f),platform=Windows NT 6.1.7601 SP1 x86_64) (WARNING: The server did not provide any stacktrace information)
Command duration or timeout: 0 milliseconds
Build info: version: '3.7.1', revision: '8a0099a', time: '2017-11-06T21:07:36.161Z'
System info: host: 'L22622WUS', ip: '10.2.176.79', os.name: 'Windows 7', os.arch: 'amd64', os.version: '6.1', java.version: '1.8.0_102'
Driver info: com.kms.katalon.selenium.driver.CChromeDriver
Capabilities {acceptSslCerts: true, applicationCacheEnabled: false, browserConnectionEnabled: false, browserName: chrome, chrome: {chromedriverVersion: 2.33.506120 (e3e53437346286..., userDataDir: C:\Users\nipin\AppData\Loca...}, cssSelectorsEnabled: true, databaseEnabled: false, handlesAlerts: true, hasTouchScreen: false, javascriptEnabled: true, locationContextEnabled: true, mobileEmulationEnabled: false, nativeEvents: true, networkConnectionEnabled: false, pageLoadStrategy: normal, platform: XP, platformName: XP, rotatable: false, setWindowRect: true, takesHeapSnapshot: true, takesScreenshot: true, unexpectedAlertBehaviour: , unhandledPromptBehavior: , version: 62.0.3202.94, webStorageEnabled: true}
Session ID: 6234aed03d177a3ff0e8ec5a3449f781)

2017-11-20 14:48:04 - [MESSAGE][FAILED] - Unable to call Test Case with id 'Test Cases/ECR/REF/ECR_Approval_Reject' (Root cause: Call Test Case 'Test Cases/ECR/REF/ECR_Approval_Reject' failed)]]></system-out>
         <system-err><![CDATA[2017-11-20 14:44:19 - [TEST_CASE][FAILED] - Test Cases/ECR/TC_ECRLite_NoExpertService_AllApproval: Test Cases/ECR/TC_ECRLite_NoExpertService_AllApproval FAILED because (of) Unable to maximize current window (Root cause: org.openqa.selenium.WebDriverException: unknown error: failed to change window state to maximized, current state is normal
  (Session info: chrome=62.0.3202.94)
  (Driver info: chromedriver=2.33.506120 (e3e53437346286c0bc2d2dc9aa4915ba81d9023f),platform=Windows NT 6.1.7601 SP1 x86_64) (WARNING: The server did not provide any stacktrace information)
Command duration or timeout: 0 milliseconds
Build info: version: '3.7.1', revision: '8a0099a', time: '2017-11-06T21:07:36.161Z'
System info: host: 'L22622WUS', ip: '10.2.176.79', os.name: 'Windows 7', os.arch: 'amd64', os.version: '6.1', java.version: '1.8.0_102'
Driver info: com.kms.katalon.selenium.driver.CChromeDriver
Capabilities {acceptSslCerts: true, applicationCacheEnabled: false, browserConnectionEnabled: false, browserName: chrome, chrome: {chromedriverVersion: 2.33.506120 (e3e53437346286..., userDataDir: C:\Users\nipin\AppData\Loca...}, cssSelectorsEnabled: true, databaseEnabled: false, handlesAlerts: true, hasTouchScreen: false, javascriptEnabled: true, locationContextEnabled: true, mobileEmulationEnabled: false, nativeEvents: true, networkConnectionEnabled: false, pageLoadStrategy: normal, platform: XP, platformName: XP, rotatable: false, setWindowRect: true, takesHeapSnapshot: true, takesScreenshot: true, unexpectedAlertBehaviour: , unhandledPromptBehavior: , version: 62.0.3202.94, webStorageEnabled: true}
Session ID: 6234aed03d177a3ff0e8ec5a3449f781)]]></system-err>
      </testcase>
      <testcase name="Test Cases/ECR/TC_ECRLite_NoExpertService_AllReject" classname="Test Cases/ECR/TC_ECRLite_NoExpertService_AllReject" status="FAILED">
         <failure type="FAILED" message="Unable to maximize current window (Root cause: org.openqa.selenium.WebDriverException: unknown error: failed to change window state to normal, current state is maximized
  (Session info: chrome=62.0.3202.94)
  (Driver info: chromedriver=2.33.506120 (e3e53437346286c0bc2d2dc9aa4915ba81d9023f),platform=Windows NT 6.1.7601 SP1 x86_64) (WARNING: The server did not provide any stacktrace information)
Command duration or timeout: 0 milliseconds
Build info: version: '3.7.1', revision: '8a0099a', time: '2017-11-06T21:07:36.161Z'
System info: host: 'L22622WUS', ip: '10.2.176.79', os.name: 'Windows 7', os.arch: 'amd64', os.version: '6.1', java.version: '1.8.0_102'
Driver info: com.kms.katalon.selenium.driver.CChromeDriver
Capabilities {acceptSslCerts: true, applicationCacheEnabled: false, browserConnectionEnabled: false, browserName: chrome, chrome: {chromedriverVersion: 2.33.506120 (e3e53437346286..., userDataDir: C:\Users\nipin\AppData\Loca...}, cssSelectorsEnabled: true, databaseEnabled: false, handlesAlerts: true, hasTouchScreen: false, javascriptEnabled: true, locationContextEnabled: true, mobileEmulationEnabled: false, nativeEvents: true, networkConnectionEnabled: false, pageLoadStrategy: normal, platform: XP, platformName: XP, rotatable: false, setWindowRect: true, takesHeapSnapshot: true, takesScreenshot: true, unexpectedAlertBehaviour: , unhandledPromptBehavior: , version: 62.0.3202.94, webStorageEnabled: true}
Session ID: 1fbd64bdbdbd550d8d2f24f4e8f62973)"/>
         <system-out><![CDATA[2017-11-20 14:48:04 - [TEST_CASE][FAILED] - Test Cases/ECR/TC_ECRLite_NoExpertService_AllReject: Test Cases/ECR/TC_ECRLite_NoExpertService_AllReject FAILED because (of) Unable to maximize current window (Root cause: org.openqa.selenium.WebDriverException: unknown error: failed to change window state to normal, current state is maximized
  (Session info: chrome=62.0.3202.94)
  (Driver info: chromedriver=2.33.506120 (e3e53437346286c0bc2d2dc9aa4915ba81d9023f),platform=Windows NT 6.1.7601 SP1 x86_64) (WARNING: The server did not provide any stacktrace information)
Command duration or timeout: 0 milliseconds
Build info: version: '3.7.1', revision: '8a0099a', time: '2017-11-06T21:07:36.161Z'
System info: host: 'L22622WUS', ip: '10.2.176.79', os.name: 'Windows 7', os.arch: 'amd64', os.version: '6.1', java.version: '1.8.0_102'
Driver info: com.kms.katalon.selenium.driver.CChromeDriver
Capabilities {acceptSslCerts: true, applicationCacheEnabled: false, browserConnectionEnabled: false, browserName: chrome, chrome: {chromedriverVersion: 2.33.506120 (e3e53437346286..., userDataDir: C:\Users\nipin\AppData\Loca...}, cssSelectorsEnabled: true, databaseEnabled: false, handlesAlerts: true, hasTouchScreen: false, javascriptEnabled: true, locationContextEnabled: true, mobileEmulationEnabled: false, nativeEvents: true, networkConnectionEnabled: false, pageLoadStrategy: normal, platform: XP, platformName: XP, rotatable: false, setWindowRect: true, takesHeapSnapshot: true, takesScreenshot: true, unexpectedAlertBehaviour: , unhandledPromptBehavior: , version: 62.0.3202.94, webStorageEnabled: true}
Session ID: 1fbd64bdbdbd550d8d2f24f4e8f62973)

2017-11-20 14:48:04 - [TEST_STEP][FAILED] - callTestCase: Call Test Case 'Test Cases/ECR/REF/ECR_Lite_NoExpertService' successfully

2017-11-20 14:48:04 - [TEST_CASE][FAILED] - Test Cases/ECR/REF/ECR_Lite_NoExpertService: com.helper.commonfunct.utilities.createECR is PASSED

2017-11-20 14:48:04 - [TEST_STEP][PASSED] - com.helper.commonfunct.utilities.login: com.helper.commonfunct.utilities.login is PASSED

2017-11-20 14:48:04 - [MESSAGE][WARNING] - A browser is already opened. Closing browser and opening a new one

2017-11-20 14:48:07 - [MESSAGE][PASSED] - Browser is opened with url: ''

2017-11-20 14:48:08 - [MESSAGE][PASSED] - Navigate to 'https://vtcpqa2.rpega.com:9030/tcpqa/PRServlet' successfully

2017-11-20 14:48:08 - [MESSAGE][PASSED] - Text 'pogoa@pegasystems.com' is set on object 'Object Repository/input_UserIdentifier'

2017-11-20 14:48:08 - [MESSAGE][PASSED] - Text 'install' is set on object 'Object Repository/input_Password'

2017-11-20 14:48:11 - [MESSAGE][PASSED] - Keys 'ENTER + ' sent to object: 'Object Repository/input_Password'

2017-11-20 14:48:11 - [MESSAGE][PASSED] - com.helper.commonfunct.utilities.login is PASSED

2017-11-20 14:48:11 - [TEST_STEP][FAILED] - com.helper.commonfunct.utilities.createECR: com.helper.commonfunct.utilities.createECR is PASSED

2017-11-20 14:48:12 - [MESSAGE][PASSED] - Object: 'Object Repository/Generic/a_Actions' is clicked on

2017-11-20 14:48:14 - [MESSAGE][PASSED] - Object: 'Object Repository/span_New' is focused

2017-11-20 14:48:15 - [MESSAGE][PASSED] - Object: 'Object Repository/span_Bid Process' is clicked on

2017-11-20 14:48:15 - [MESSAGE][PASSED] - Object: 'Object Repository/ECR/BID_TYPE' is clicked on

2017-11-20 14:48:15 - [MESSAGE][PASSED] - Object 'Object Repository/button_Import' is present

2017-11-20 14:48:20 - [MESSAGE][PASSED] - Delayed 5 second(s)

2017-11-20 14:48:20 - [MESSAGE][PASSED] - Object: 'Object Repository/button_Import' is clicked on

2017-11-20 14:48:20 - [MESSAGE][PASSED] - File 'C:\Users\nipin\Desktop\Latest BSW\Final\ECR_LITE_EXPSVC.xlsm' sent to object: 'Object Repository/input_PpyWorkPageppyFilePath'

2017-11-20 14:48:25 - [MESSAGE][PASSED] - Delayed 5 second(s)

2017-11-20 14:48:25 - [MESSAGE][WARNING] - Timeout '0' is invalid. Using default page load timeout: '30'

2017-11-20 14:48:26 - [MESSAGE][PASSED] - Scroll to object 'Object Repository/button_Submit' successfully

2017-11-20 14:48:26 - [MESSAGE][PASSED] - Object: 'Object Repository/button_Submit' is clicked on

2017-11-20 14:48:26 - [MESSAGE][PASSED] - Object 'Object Repository/EngInfo/COID' is visible

2017-11-20 14:48:31 - [MESSAGE][PASSED] - Delayed 5 second(s)

2017-11-20 14:48:36 - [MESSAGE][PASSED] - Delayed 5 second(s)

2017-11-20 14:48:37 - [MESSAGE][PASSED] - Text 'BOFA' is set on object 'Object Repository/Generic/ORG'

2017-11-20 14:48:42 - [MESSAGE][PASSED] - Delayed 5 second(s)

2017-11-20 14:48:42 - [MESSAGE][PASSED] - Keys 'TAB + ' sent to object: 'Object Repository/Generic/ORG'

2017-11-20 14:48:47 - [MESSAGE][PASSED] - Delayed 5 second(s)

2017-11-20 14:48:47 - [MESSAGE][PASSED] - Text 'BOFA' is set on object 'Object Repository/Generic/ACC'

2017-11-20 14:48:52 - [MESSAGE][PASSED] - Delayed 5 second(s)

2017-11-20 14:48:52 - [MESSAGE][PASSED] - Keys 'TAB + ' sent to object: 'Object Repository/Generic/ACC'

2017-11-20 14:48:57 - [MESSAGE][PASSED] - Delayed 5 second(s)

2017-11-20 14:48:57 - [MESSAGE][PASSED] - Text 'AUTOTEST1' is set on object 'Object Repository/Generic/ENG_DESC'

2017-11-20 14:49:02 - [MESSAGE][PASSED] - Delayed 5 second(s)

2017-11-20 14:49:02 - [MESSAGE][WARNING] - Timeout '0' is invalid. Using default page load timeout: '30'

2017-11-20 14:49:02 - [MESSAGE][PASSED] - Scroll to object 'Object Repository/Generic/SUBMIT' successfully

2017-11-20 14:49:03 - [MESSAGE][PASSED] - Object: 'Object Repository/Generic/SUBMIT' is clicked on

2017-11-20 14:49:08 - [MESSAGE][PASSED] - Delayed 5 second(s)

2017-11-20 14:49:08 - [MESSAGE][PASSED] - Text 'CO-12' is set on object 'Object Repository/EngInfo/COID'

2017-11-20 14:49:15 - [MESSAGE][PASSED] - Delayed 7 second(s)

2017-11-20 14:49:15 - [MESSAGE][PASSED] - Wait for page load successfully

2017-11-20 14:49:15 - [MESSAGE][PASSED] - Object: 'Object Repository/Generic/gapDrivenMethodology' is clicked on

2017-11-20 14:49:20 - [MESSAGE][PASSED] - Delayed 5 second(s)

2017-11-20 14:49:21 - [MESSAGE][PASSED] - Object: 'Object Repository/Generic/RapidDelivery' is clicked on

2017-11-20 14:49:26 - [MESSAGE][PASSED] - Delayed 5 second(s)

2017-11-20 14:49:26 - [MESSAGE][PASSED] - Object: 'Object Repository/Generic/MorethanOneRLS' is clicked on

2017-11-20 14:49:31 - [MESSAGE][PASSED] - Delayed 5 second(s)

2017-11-20 14:49:31 - [MESSAGE][PASSED] - Text '85000' is set on object 'Object Repository/ECR/Licence'

2017-11-20 14:49:36 - [MESSAGE][PASSED] - Delayed 5 second(s)

2017-11-20 14:49:36 - [MESSAGE][PASSED] - Object 'Object Repository/Generic/platform' is visible

2017-11-20 14:49:41 - [MESSAGE][PASSED] - Delayed 5 second(s)

2017-11-20 14:49:41 - [MESSAGE][PASSED] - Keys 'AMPchroma' sent to object: 'Object Repository/Generic/PlatformID'

2017-11-20 14:49:42 - [MESSAGE][FAILED] - Unable to set text 'AMPchroma' of object 'Object Repository/Generic/PlatformID' (Root cause: org.openqa.selenium.InvalidElementStateException: invalid element state: Element must be user-editable in order to clear it.
  (Session info: chrome=62.0.3202.94)
  (Driver info: chromedriver=2.33.506120 (e3e53437346286c0bc2d2dc9aa4915ba81d9023f),platform=Windows NT 6.1.7601 SP1 x86_64) (WARNING: The server did not provide any stacktrace information)
Command duration or timeout: 0 milliseconds
Build info: version: '3.7.1', revision: '8a0099a', time: '2017-11-06T21:07:36.161Z'
System info: host: 'L22622WUS', ip: '10.2.176.79', os.name: 'Windows 7', os.arch: 'amd64', os.version: '6.1', java.version: '1.8.0_102'
Driver info: com.kms.katalon.selenium.driver.CChromeDriver
Capabilities {acceptSslCerts: true, applicationCacheEnabled: false, browserConnectionEnabled: false, browserName: chrome, chrome: {chromedriverVersion: 2.33.506120 (e3e53437346286..., userDataDir: C:\Users\nipin\AppData\Loca...}, cssSelectorsEnabled: true, databaseEnabled: false, handlesAlerts: true, hasTouchScreen: false, javascriptEnabled: true, locationContextEnabled: true, mobileEmulationEnabled: false, nativeEvents: true, networkConnectionEnabled: false, pageLoadStrategy: normal, platform: XP, platformName: XP, rotatable: false, setWindowRect: true, takesHeapSnapshot: true, takesScreenshot: true, unexpectedAlertBehaviour: , unhandledPromptBehavior: , version: 62.0.3202.94, webStorageEnabled: true}
Session ID: 208a2c731ccdc569d25e7b844aa61e81)
[[ATTACHMENT|C:\\Users\\nipin\\Katalon Studio\\COE\\Reports\\ECR_Lite\\20171120_144417\\1511207381973.png]]

2017-11-20 14:49:42 - [MESSAGE][PASSED] - Keys 'AMPchroma' sent to object: 'Object Repository/Generic/PlatformID'

2017-11-20 14:49:43 - [MESSAGE][FAILED] - Unable to set text 'AMPchroma' of object 'Object Repository/Generic/PlatformID' (Root cause: org.openqa.selenium.InvalidElementStateException: invalid element state: Element must be user-editable in order to clear it.
  (Session info: chrome=62.0.3202.94)
  (Driver info: chromedriver=2.33.506120 (e3e53437346286c0bc2d2dc9aa4915ba81d9023f),platform=Windows NT 6.1.7601 SP1 x86_64) (WARNING: The server did not provide any stacktrace information)
Command duration or timeout: 0 milliseconds
Build info: version: '3.7.1', revision: '8a0099a', time: '2017-11-06T21:07:36.161Z'
System info: host: 'L22622WUS', ip: '10.2.176.79', os.name: 'Windows 7', os.arch: 'amd64', os.version: '6.1', java.version: '1.8.0_102'
Driver info: com.kms.katalon.selenium.driver.CChromeDriver
Capabilities {acceptSslCerts: true, applicationCacheEnabled: false, browserConnectionEnabled: false, browserName: chrome, chrome: {chromedriverVersion: 2.33.506120 (e3e53437346286..., userDataDir: C:\Users\nipin\AppData\Loca...}, cssSelectorsEnabled: true, databaseEnabled: false, handlesAlerts: true, hasTouchScreen: false, javascriptEnabled: true, locationContextEnabled: true, mobileEmulationEnabled: false, nativeEvents: true, networkConnectionEnabled: false, pageLoadStrategy: normal, platform: XP, platformName: XP, rotatable: false, setWindowRect: true, takesHeapSnapshot: true, takesScreenshot: true, unexpectedAlertBehaviour: , unhandledPromptBehavior: , version: 62.0.3202.94, webStorageEnabled: true}
Session ID: 208a2c731ccdc569d25e7b844aa61e81)
[[ATTACHMENT|C:\\Users\\nipin\\Katalon Studio\\COE\\Reports\\ECR_Lite\\20171120_144417\\1511207382877.png]]

2017-11-20 14:49:48 - [MESSAGE][PASSED] - Delayed 5 second(s)

2017-11-20 14:49:48 - [MESSAGE][PASSED] - Keys 'N/A' sent to object: 'Object Repository/Generic/PlatformVersion'

2017-11-20 14:49:49 - [MESSAGE][FAILED] - Unable to set text 'N/A' of object 'Object Repository/Generic/PlatformVersion' (Root cause: org.openqa.selenium.InvalidElementStateException: invalid element state: Element must be user-editable in order to clear it.
  (Session info: chrome=62.0.3202.94)
  (Driver info: chromedriver=2.33.506120 (e3e53437346286c0bc2d2dc9aa4915ba81d9023f),platform=Windows NT 6.1.7601 SP1 x86_64) (WARNING: The server did not provide any stacktrace information)
Command duration or timeout: 0 milliseconds
Build info: version: '3.7.1', revision: '8a0099a', time: '2017-11-06T21:07:36.161Z'
System info: host: 'L22622WUS', ip: '10.2.176.79', os.name: 'Windows 7', os.arch: 'amd64', os.version: '6.1', java.version: '1.8.0_102'
Driver info: com.kms.katalon.selenium.driver.CChromeDriver
Capabilities {acceptSslCerts: true, applicationCacheEnabled: false, browserConnectionEnabled: false, browserName: chrome, chrome: {chromedriverVersion: 2.33.506120 (e3e53437346286..., userDataDir: C:\Users\nipin\AppData\Loca...}, cssSelectorsEnabled: true, databaseEnabled: false, handlesAlerts: true, hasTouchScreen: false, javascriptEnabled: true, locationContextEnabled: true, mobileEmulationEnabled: false, nativeEvents: true, networkConnectionEnabled: false, pageLoadStrategy: normal, platform: XP, platformName: XP, rotatable: false, setWindowRect: true, takesHeapSnapshot: true, takesScreenshot: true, unexpectedAlertBehaviour: , unhandledPromptBehavior: , version: 62.0.3202.94, webStorageEnabled: true}
Session ID: 208a2c731ccdc569d25e7b844aa61e81)
[[ATTACHMENT|C:\\Users\\nipin\\Katalon Studio\\COE\\Reports\\ECR_Lite\\20171120_144417\\1511207388585.png]]

2017-11-20 14:49:49 - [MESSAGE][PASSED] - Keys 'N/A' sent to object: 'Object Repository/Generic/PlatformVersion'

2017-11-20 14:49:49 - [MESSAGE][FAILED] - Unable to set text 'N/A' of object 'Object Repository/Generic/PlatformVersion' (Root cause: org.openqa.selenium.InvalidElementStateException: invalid element state: Element must be user-editable in order to clear it.
  (Session info: chrome=62.0.3202.94)
  (Driver info: chromedriver=2.33.506120 (e3e53437346286c0bc2d2dc9aa4915ba81d9023f),platform=Windows NT 6.1.7601 SP1 x86_64) (WARNING: The server did not provide any stacktrace information)
Command duration or timeout: 0 milliseconds
Build info: version: '3.7.1', revision: '8a0099a', time: '2017-11-06T21:07:36.161Z'
System info: host: 'L22622WUS', ip: '10.2.176.79', os.name: 'Windows 7', os.arch: 'amd64', os.version: '6.1', java.version: '1.8.0_102'
Driver info: com.kms.katalon.selenium.driver.CChromeDriver
Capabilities {acceptSslCerts: true, applicationCacheEnabled: false, browserConnectionEnabled: false, browserName: chrome, chrome: {chromedriverVersion: 2.33.506120 (e3e53437346286..., userDataDir: C:\Users\nipin\AppData\Loca...}, cssSelectorsEnabled: true, databaseEnabled: false, handlesAlerts: true, hasTouchScreen: false, javascriptEnabled: true, locationContextEnabled: true, mobileEmulationEnabled: false, nativeEvents: true, networkConnectionEnabled: false, pageLoadStrategy: normal, platform: XP, platformName: XP, rotatable: false, setWindowRect: true, takesHeapSnapshot: true, takesScreenshot: true, unexpectedAlertBehaviour: , unhandledPromptBehavior: , version: 62.0.3202.94, webStorageEnabled: true}
Session ID: 208a2c731ccdc569d25e7b844aa61e81)
[[ATTACHMENT|C:\\Users\\nipin\\Katalon Studio\\COE\\Reports\\ECR_Lite\\20171120_144417\\1511207389163.png]]

2017-11-20 14:49:54 - [MESSAGE][PASSED] - Delayed 5 second(s)

2017-11-20 14:49:54 - [MESSAGE][PASSED] - Object: 'Object Repository/Generic/PlatformTrue' is clicked on

2017-11-20 14:49:59 - [MESSAGE][PASSED] - Delayed 5 second(s)

2017-11-20 14:50:00 - [MESSAGE][PASSED] - Keys 'Jeff Henderson' sent to object: 'Object Repository/EngInfo/PL'

2017-11-20 14:50:05 - [MESSAGE][PASSED] - Delayed 5 second(s)

2017-11-20 14:50:05 - [MESSAGE][PASSED] - Keys 'Robert Higgins' sent to object: 'Object Repository/EngInfo/PLTL'

2017-11-20 14:50:10 - [MESSAGE][PASSED] - Delayed 5 second(s)

2017-11-20 14:50:10 - [MESSAGE][PASSED] - Keys 'Eric Panepinto' sent to object: 'Object Repository/EngInfo/RL'

2017-11-20 14:50:15 - [MESSAGE][PASSED] - Delayed 5 second(s)

2017-11-20 14:50:16 - [MESSAGE][PASSED] - Keys 'Robert Lang' sent to object: 'Object Repository/EngInfo/RD'

2017-11-20 14:50:21 - [MESSAGE][PASSED] - Delayed 5 second(s)

2017-11-20 14:50:21 - [MESSAGE][PASSED] - Scroll to object 'Object Repository/NEXT_BUTTON' successfully

2017-11-20 14:50:21 - [MESSAGE][PASSED] - Object: 'Object Repository/NEXT_BUTTON' is clicked on

2017-11-20 14:50:28 - [MESSAGE][PASSED] - Delayed 7 second(s)

2017-11-20 14:50:28 - [MESSAGE][PASSED] - Scroll to object 'Object Repository/NEXT_BUTTON' successfully

2017-11-20 14:50:28 - [MESSAGE][PASSED] - Object: 'Object Repository/NEXT_BUTTON' is clicked on

2017-11-20 14:50:35 - [MESSAGE][PASSED] - Delayed 7 second(s)

2017-11-20 14:50:35 - [MESSAGE][PASSED] - Wait for page load successfully

2017-11-20 14:50:36 - [MESSAGE][PASSED] - Scroll to object 'Object Repository/Generic/FINISH_BUTTON' successfully

2017-11-20 14:50:36 - [MESSAGE][PASSED] - Object: 'Object Repository/Generic/FINISH_BUTTON' is clicked on

2017-11-20 14:50:41 - [MESSAGE][PASSED] - Delayed 5 second(s)

2017-11-20 14:50:41 - [MESSAGE][PASSED] - Text of object 'Object Repository/WO' is: 'ECR-20Nov2017-29'

2017-11-20 14:50:41 - [MESSAGE][PASSED] - Text of object 'Object Repository/ECR/WOSTATUS' is: 'Pending-RDApproval'

2017-11-20 14:50:41 - [MESSAGE][PASSED] - com.helper.commonfunct.utilities.createECR is PASSED

2017-11-20 14:50:41 - [MESSAGE][PASSED] - Call Test Case 'Test Cases/ECR/REF/ECR_Lite_NoExpertService' successfully

2017-11-20 14:50:41 - [TEST_STEP][PASSED] - com.helper.commonfunct.utilities.setprop: com.helper.commonfunct.utilities.setprop is PASSED

2017-11-20 14:50:41 - [MESSAGE][PASSED] - com.helper.commonfunct.utilities.setprop is PASSED

2017-11-20 14:50:41 - [TEST_STEP][FAILED] - callTestCase: Unable to call Test Case with id 'Test Cases/ECR/REF/ECR_Approval_Reject' (Root cause: Call Test Case 'Test Cases/ECR/REF/ECR_Approval_Reject' failed)

2017-11-20 14:50:41 - [TEST_CASE][FAILED] - Test Cases/ECR/REF/ECR_Approval_Reject: Test Cases/ECR/REF/ECR_Approval_Reject FAILED because (of) Unable to maximize current window (Root cause: org.openqa.selenium.WebDriverException: unknown error: failed to change window state to normal, current state is maximized
  (Session info: chrome=62.0.3202.94)
  (Driver info: chromedriver=2.33.506120 (e3e53437346286c0bc2d2dc9aa4915ba81d9023f),platform=Windows NT 6.1.7601 SP1 x86_64) (WARNING: The server did not provide any stacktrace information)
Command duration or timeout: 0 milliseconds
Build info: version: '3.7.1', revision: '8a0099a', time: '2017-11-06T21:07:36.161Z'
System info: host: 'L22622WUS', ip: '10.2.176.79', os.name: 'Windows 7', os.arch: 'amd64', os.version: '6.1', java.version: '1.8.0_102'
Driver info: com.kms.katalon.selenium.driver.CChromeDriver
Capabilities {acceptSslCerts: true, applicationCacheEnabled: false, browserConnectionEnabled: false, browserName: chrome, chrome: {chromedriverVersion: 2.33.506120 (e3e53437346286..., userDataDir: C:\Users\nipin\AppData\Loca...}, cssSelectorsEnabled: true, databaseEnabled: false, handlesAlerts: true, hasTouchScreen: false, javascriptEnabled: true, locationContextEnabled: true, mobileEmulationEnabled: false, nativeEvents: true, networkConnectionEnabled: false, pageLoadStrategy: normal, platform: XP, platformName: XP, rotatable: false, setWindowRect: true, takesHeapSnapshot: true, takesScreenshot: true, unexpectedAlertBehaviour: , unhandledPromptBehavior: , version: 62.0.3202.94, webStorageEnabled: true}
Session ID: 1fbd64bdbdbd550d8d2f24f4e8f62973)

2017-11-20 14:50:41 - [TEST_STEP][FAILED] - Statement - While (WOSTATUS.contains("Pending")): Unable to maximize current window (Root cause: org.openqa.selenium.WebDriverException: unknown error: failed to change window state to normal, current state is maximized
  (Session info: chrome=62.0.3202.94)
  (Driver info: chromedriver=2.33.506120 (e3e53437346286c0bc2d2dc9aa4915ba81d9023f),platform=Windows NT 6.1.7601 SP1 x86_64) (WARNING: The server did not provide any stacktrace information)
Command duration or timeout: 0 milliseconds
Build info: version: '3.7.1', revision: '8a0099a', time: '2017-11-06T21:07:36.161Z'
System info: host: 'L22622WUS', ip: '10.2.176.79', os.name: 'Windows 7', os.arch: 'amd64', os.version: '6.1', java.version: '1.8.0_102'
Driver info: com.kms.katalon.selenium.driver.CChromeDriver
Capabilities {acceptSslCerts: true, applicationCacheEnabled: false, browserConnectionEnabled: false, browserName: chrome, chrome: {chromedriverVersion: 2.33.506120 (e3e53437346286..., userDataDir: C:\Users\nipin\AppData\Loca...}, cssSelectorsEnabled: true, databaseEnabled: false, handlesAlerts: true, hasTouchScreen: false, javascriptEnabled: true, locationContextEnabled: true, mobileEmulationEnabled: false, nativeEvents: true, networkConnectionEnabled: false, pageLoadStrategy: normal, platform: XP, platformName: XP, rotatable: false, setWindowRect: true, takesHeapSnapshot: true, takesScreenshot: true, unexpectedAlertBehaviour: , unhandledPromptBehavior: , version: 62.0.3202.94, webStorageEnabled: true}
Session ID: 1fbd64bdbdbd550d8d2f24f4e8f62973)

2017-11-20 14:50:41 - [TEST_STEP][FAILED] - Statement - For ([j = 0, j < AssignmentList.size(), (j++)]): Unable to maximize current window (Root cause: org.openqa.selenium.WebDriverException: unknown error: failed to change window state to normal, current state is maximized
  (Session info: chrome=62.0.3202.94)
  (Driver info: chromedriver=2.33.506120 (e3e53437346286c0bc2d2dc9aa4915ba81d9023f),platform=Windows NT 6.1.7601 SP1 x86_64) (WARNING: The server did not provide any stacktrace information)
Command duration or timeout: 0 milliseconds
Build info: version: '3.7.1', revision: '8a0099a', time: '2017-11-06T21:07:36.161Z'
System info: host: 'L22622WUS', ip: '10.2.176.79', os.name: 'Windows 7', os.arch: 'amd64', os.version: '6.1', java.version: '1.8.0_102'
Driver info: com.kms.katalon.selenium.driver.CChromeDriver
Capabilities {acceptSslCerts: true, applicationCacheEnabled: false, browserConnectionEnabled: false, browserName: chrome, chrome: {chromedriverVersion: 2.33.506120 (e3e53437346286..., userDataDir: C:\Users\nipin\AppData\Loca...}, cssSelectorsEnabled: true, databaseEnabled: false, handlesAlerts: true, hasTouchScreen: false, javascriptEnabled: true, locationContextEnabled: true, mobileEmulationEnabled: false, nativeEvents: true, networkConnectionEnabled: false, pageLoadStrategy: normal, platform: XP, platformName: XP, rotatable: false, setWindowRect: true, takesHeapSnapshot: true, takesScreenshot: true, unexpectedAlertBehaviour: , unhandledPromptBehavior: , version: 62.0.3202.94, webStorageEnabled: true}
Session ID: 1fbd64bdbdbd550d8d2f24f4e8f62973)

2017-11-20 14:50:41 - [TEST_STEP][PASSED] - Statement - Status = text: null

2017-11-20 14:50:41 - [TEST_STEP][PASSED] - Statement - println(Status): null

2017-11-20 14:50:41 - [TEST_STEP][FAILED] - Statement - If (Status == "Pending-RDApproval"): Unable to maximize current window (Root cause: org.openqa.selenium.WebDriverException: unknown error: failed to change window state to normal, current state is maximized
  (Session info: chrome=62.0.3202.94)
  (Driver info: chromedriver=2.33.506120 (e3e53437346286c0bc2d2dc9aa4915ba81d9023f),platform=Windows NT 6.1.7601 SP1 x86_64) (WARNING: The server did not provide any stacktrace information)
Command duration or timeout: 0 milliseconds
Build info: version: '3.7.1', revision: '8a0099a', time: '2017-11-06T21:07:36.161Z'
System info: host: 'L22622WUS', ip: '10.2.176.79', os.name: 'Windows 7', os.arch: 'amd64', os.version: '6.1', java.version: '1.8.0_102'
Driver info: com.kms.katalon.selenium.driver.CChromeDriver
Capabilities {acceptSslCerts: true, applicationCacheEnabled: false, browserConnectionEnabled: false, browserName: chrome, chrome: {chromedriverVersion: 2.33.506120 (e3e53437346286..., userDataDir: C:\Users\nipin\AppData\Loca...}, cssSelectorsEnabled: true, databaseEnabled: false, handlesAlerts: true, hasTouchScreen: false, javascriptEnabled: true, locationContextEnabled: true, mobileEmulationEnabled: false, nativeEvents: true, networkConnectionEnabled: false, pageLoadStrategy: normal, platform: XP, platformName: XP, rotatable: false, setWindowRect: true, takesHeapSnapshot: true, takesScreenshot: true, unexpectedAlertBehaviour: , unhandledPromptBehavior: , version: 62.0.3202.94, webStorageEnabled: true}
Session ID: 1fbd64bdbdbd550d8d2f24f4e8f62973)

2017-11-20 14:50:41 - [TEST_STEP][PASSED] - Statement - If (RDReject == false): null

2017-11-20 14:50:41 - [TEST_STEP][FAILED] - Statement - Else: Unable to maximize current window (Root cause: org.openqa.selenium.WebDriverException: unknown error: failed to change window state to normal, current state is maximized
  (Session info: chrome=62.0.3202.94)
  (Driver info: chromedriver=2.33.506120 (e3e53437346286c0bc2d2dc9aa4915ba81d9023f),platform=Windows NT 6.1.7601 SP1 x86_64) (WARNING: The server did not provide any stacktrace information)
Command duration or timeout: 0 milliseconds
Build info: version: '3.7.1', revision: '8a0099a', time: '2017-11-06T21:07:36.161Z'
System info: host: 'L22622WUS', ip: '10.2.176.79', os.name: 'Windows 7', os.arch: 'amd64', os.version: '6.1', java.version: '1.8.0_102'
Driver info: com.kms.katalon.selenium.driver.CChromeDriver
Capabilities {acceptSslCerts: true, applicationCacheEnabled: false, browserConnectionEnabled: false, browserName: chrome, chrome: {chromedriverVersion: 2.33.506120 (e3e53437346286..., userDataDir: C:\Users\nipin\AppData\Loca...}, cssSelectorsEnabled: true, databaseEnabled: false, handlesAlerts: true, hasTouchScreen: false, javascriptEnabled: true, locationContextEnabled: true, mobileEmulationEnabled: false, nativeEvents: true, networkConnectionEnabled: false, pageLoadStrategy: normal, platform: XP, platformName: XP, rotatable: false, setWindowRect: true, takesHeapSnapshot: true, takesScreenshot: true, unexpectedAlertBehaviour: , unhandledPromptBehavior: , version: 62.0.3202.94, webStorageEnabled: true}
Session ID: 1fbd64bdbdbd550d8d2f24f4e8f62973)

2017-11-20 14:50:41 - [TEST_STEP][PASSED] - com.helper.commonfunct.utilities.login: com.helper.commonfunct.utilities.login is PASSED

2017-11-20 14:50:41 - [MESSAGE][WARNING] - A browser is already opened. Closing browser and opening a new one

2017-11-20 14:50:44 - [MESSAGE][PASSED] - Browser is opened with url: ''

2017-11-20 14:50:45 - [MESSAGE][PASSED] - Navigate to 'https://vtcpqa2.rpega.com:9030/tcpqa/PRServlet' successfully

2017-11-20 14:50:45 - [MESSAGE][PASSED] - Text 'langr1@pegasystems.com' is set on object 'Object Repository/input_UserIdentifier'

2017-11-20 14:50:45 - [MESSAGE][PASSED] - Text 'install' is set on object 'Object Repository/input_Password'

2017-11-20 14:50:48 - [MESSAGE][PASSED] - Keys 'ENTER + ' sent to object: 'Object Repository/input_Password'

2017-11-20 14:50:48 - [MESSAGE][PASSED] - com.helper.commonfunct.utilities.login is PASSED

2017-11-20 14:50:48 - [TEST_STEP][PASSED] - com.helper.commonfunct.utilities.search: com.helper.commonfunct.utilities.search is PASSED

2017-11-20 14:50:49 - [MESSAGE][PASSED] - Current window maximized

2017-11-20 14:50:54 - [MESSAGE][PASSED] - Delayed 5 second(s)

2017-11-20 14:50:54 - [MESSAGE][PASSED] - Text 'ECR-20Nov2017-29' is set on object 'Object Repository/EngInfo/search'

2017-11-20 14:50:59 - [MESSAGE][PASSED] - Delayed 5 second(s)

2017-11-20 14:50:59 - [MESSAGE][PASSED] - Keys 'ENTER + ' sent to object: 'Object Repository/EngInfo/search'

2017-11-20 14:51:04 - [MESSAGE][PASSED] - Delayed 5 second(s)

2017-11-20 14:51:04 - [MESSAGE][PASSED] - com.helper.commonfunct.utilities.search is PASSED

2017-11-20 14:51:04 - [TEST_STEP][FAILED] - maximizeWindow: Unable to maximize current window (Root cause: org.openqa.selenium.WebDriverException: unknown error: failed to change window state to normal, current state is maximized
  (Session info: chrome=62.0.3202.94)
  (Driver info: chromedriver=2.33.506120 (e3e53437346286c0bc2d2dc9aa4915ba81d9023f),platform=Windows NT 6.1.7601 SP1 x86_64) (WARNING: The server did not provide any stacktrace information)
Command duration or timeout: 0 milliseconds
Build info: version: '3.7.1', revision: '8a0099a', time: '2017-11-06T21:07:36.161Z'
System info: host: 'L22622WUS', ip: '10.2.176.79', os.name: 'Windows 7', os.arch: 'amd64', os.version: '6.1', java.version: '1.8.0_102'
Driver info: com.kms.katalon.selenium.driver.CChromeDriver
Capabilities {acceptSslCerts: true, applicationCacheEnabled: false, browserConnectionEnabled: false, browserName: chrome, chrome: {chromedriverVersion: 2.33.506120 (e3e53437346286..., userDataDir: C:\Users\nipin\AppData\Loca...}, cssSelectorsEnabled: true, databaseEnabled: false, handlesAlerts: true, hasTouchScreen: false, javascriptEnabled: true, locationContextEnabled: true, mobileEmulationEnabled: false, nativeEvents: true, networkConnectionEnabled: false, pageLoadStrategy: normal, platform: XP, platformName: XP, rotatable: false, setWindowRect: true, takesHeapSnapshot: true, takesScreenshot: true, unexpectedAlertBehaviour: , unhandledPromptBehavior: , version: 62.0.3202.94, webStorageEnabled: true}
Session ID: 1fbd64bdbdbd550d8d2f24f4e8f62973)

2017-11-20 14:51:05 - [MESSAGE][FAILED] - Unable to maximize current window (Root cause: org.openqa.selenium.WebDriverException: unknown error: failed to change window state to normal, current state is maximized
  (Session info: chrome=62.0.3202.94)
  (Driver info: chromedriver=2.33.506120 (e3e53437346286c0bc2d2dc9aa4915ba81d9023f),platform=Windows NT 6.1.7601 SP1 x86_64) (WARNING: The server did not provide any stacktrace information)
Command duration or timeout: 0 milliseconds
Build info: version: '3.7.1', revision: '8a0099a', time: '2017-11-06T21:07:36.161Z'
System info: host: 'L22622WUS', ip: '10.2.176.79', os.name: 'Windows 7', os.arch: 'amd64', os.version: '6.1', java.version: '1.8.0_102'
Driver info: com.kms.katalon.selenium.driver.CChromeDriver
Capabilities {acceptSslCerts: true, applicationCacheEnabled: false, browserConnectionEnabled: false, browserName: chrome, chrome: {chromedriverVersion: 2.33.506120 (e3e53437346286..., userDataDir: C:\Users\nipin\AppData\Loca...}, cssSelectorsEnabled: true, databaseEnabled: false, handlesAlerts: true, hasTouchScreen: false, javascriptEnabled: true, locationContextEnabled: true, mobileEmulationEnabled: false, nativeEvents: true, networkConnectionEnabled: false, pageLoadStrategy: normal, platform: XP, platformName: XP, rotatable: false, setWindowRect: true, takesHeapSnapshot: true, takesScreenshot: true, unexpectedAlertBehaviour: , unhandledPromptBehavior: , version: 62.0.3202.94, webStorageEnabled: true}
Session ID: 1fbd64bdbdbd550d8d2f24f4e8f62973)
[[ATTACHMENT|C:\\Users\\nipin\\Katalon Studio\\COE\\Reports\\ECR_Lite\\20171120_144417\\1511207464898.png]]

2017-11-20 14:51:05 - [MESSAGE][FAILED] - Unable to call Test Case with id 'Test Cases/ECR/REF/ECR_Approval_Reject' (Root cause: Call Test Case 'Test Cases/ECR/REF/ECR_Approval_Reject' failed)]]></system-out>
         <system-err><![CDATA[2017-11-20 14:48:04 - [TEST_CASE][FAILED] - Test Cases/ECR/TC_ECRLite_NoExpertService_AllReject: Test Cases/ECR/TC_ECRLite_NoExpertService_AllReject FAILED because (of) Unable to maximize current window (Root cause: org.openqa.selenium.WebDriverException: unknown error: failed to change window state to normal, current state is maximized
  (Session info: chrome=62.0.3202.94)
  (Driver info: chromedriver=2.33.506120 (e3e53437346286c0bc2d2dc9aa4915ba81d9023f),platform=Windows NT 6.1.7601 SP1 x86_64) (WARNING: The server did not provide any stacktrace information)
Command duration or timeout: 0 milliseconds
Build info: version: '3.7.1', revision: '8a0099a', time: '2017-11-06T21:07:36.161Z'
System info: host: 'L22622WUS', ip: '10.2.176.79', os.name: 'Windows 7', os.arch: 'amd64', os.version: '6.1', java.version: '1.8.0_102'
Driver info: com.kms.katalon.selenium.driver.CChromeDriver
Capabilities {acceptSslCerts: true, applicationCacheEnabled: false, browserConnectionEnabled: false, browserName: chrome, chrome: {chromedriverVersion: 2.33.506120 (e3e53437346286..., userDataDir: C:\Users\nipin\AppData\Loca...}, cssSelectorsEnabled: true, databaseEnabled: false, handlesAlerts: true, hasTouchScreen: false, javascriptEnabled: true, locationContextEnabled: true, mobileEmulationEnabled: false, nativeEvents: true, networkConnectionEnabled: false, pageLoadStrategy: normal, platform: XP, platformName: XP, rotatable: false, setWindowRect: true, takesHeapSnapshot: true, takesScreenshot: true, unexpectedAlertBehaviour: , unhandledPromptBehavior: , version: 62.0.3202.94, webStorageEnabled: true}
Session ID: 1fbd64bdbdbd550d8d2f24f4e8f62973)]]></system-err>
      </testcase>
      <testcase name="Test Cases/ECR/TC_ECR_Lite_ExpertService_AllReject" classname="Test Cases/ECR/TC_ECR_Lite_ExpertService_AllReject" status="FAILED">
         <failure type="FAILED" message="Unable to maximize current window (Root cause: org.openqa.selenium.WebDriverException: unknown error: failed to change window state to maximized, current state is normal
  (Session info: chrome=62.0.3202.94)
  (Driver info: chromedriver=2.33.506120 (e3e53437346286c0bc2d2dc9aa4915ba81d9023f),platform=Windows NT 6.1.7601 SP1 x86_64) (WARNING: The server did not provide any stacktrace information)
Command duration or timeout: 0 milliseconds
Build info: version: '3.7.1', revision: '8a0099a', time: '2017-11-06T21:07:36.161Z'
System info: host: 'L22622WUS', ip: '10.2.176.79', os.name: 'Windows 7', os.arch: 'amd64', os.version: '6.1', java.version: '1.8.0_102'
Driver info: com.kms.katalon.selenium.driver.CChromeDriver
Capabilities {acceptSslCerts: true, applicationCacheEnabled: false, browserConnectionEnabled: false, browserName: chrome, chrome: {chromedriverVersion: 2.33.506120 (e3e53437346286..., userDataDir: C:\Users\nipin\AppData\Loca...}, cssSelectorsEnabled: true, databaseEnabled: false, handlesAlerts: true, hasTouchScreen: false, javascriptEnabled: true, locationContextEnabled: true, mobileEmulationEnabled: false, nativeEvents: true, networkConnectionEnabled: false, pageLoadStrategy: normal, platform: XP, platformName: XP, rotatable: false, setWindowRect: true, takesHeapSnapshot: true, takesScreenshot: true, unexpectedAlertBehaviour: , unhandledPromptBehavior: , version: 62.0.3202.94, webStorageEnabled: true}
Session ID: cb2ad4065080a1cad7c988efa0c3714d)"/>
         <system-out><![CDATA[2017-11-20 14:51:05 - [TEST_CASE][FAILED] - Test Cases/ECR/TC_ECR_Lite_ExpertService_AllReject: Test Cases/ECR/TC_ECR_Lite_ExpertService_AllReject FAILED because (of) Unable to maximize current window (Root cause: org.openqa.selenium.WebDriverException: unknown error: failed to change window state to maximized, current state is normal
  (Session info: chrome=62.0.3202.94)
  (Driver info: chromedriver=2.33.506120 (e3e53437346286c0bc2d2dc9aa4915ba81d9023f),platform=Windows NT 6.1.7601 SP1 x86_64) (WARNING: The server did not provide any stacktrace information)
Command duration or timeout: 0 milliseconds
Build info: version: '3.7.1', revision: '8a0099a', time: '2017-11-06T21:07:36.161Z'
System info: host: 'L22622WUS', ip: '10.2.176.79', os.name: 'Windows 7', os.arch: 'amd64', os.version: '6.1', java.version: '1.8.0_102'
Driver info: com.kms.katalon.selenium.driver.CChromeDriver
Capabilities {acceptSslCerts: true, applicationCacheEnabled: false, browserConnectionEnabled: false, browserName: chrome, chrome: {chromedriverVersion: 2.33.506120 (e3e53437346286..., userDataDir: C:\Users\nipin\AppData\Loca...}, cssSelectorsEnabled: true, databaseEnabled: false, handlesAlerts: true, hasTouchScreen: false, javascriptEnabled: true, locationContextEnabled: true, mobileEmulationEnabled: false, nativeEvents: true, networkConnectionEnabled: false, pageLoadStrategy: normal, platform: XP, platformName: XP, rotatable: false, setWindowRect: true, takesHeapSnapshot: true, takesScreenshot: true, unexpectedAlertBehaviour: , unhandledPromptBehavior: , version: 62.0.3202.94, webStorageEnabled: true}
Session ID: cb2ad4065080a1cad7c988efa0c3714d)

2017-11-20 14:51:05 - [TEST_STEP][FAILED] - callTestCase: Call Test Case 'Test Cases/ECR/REF/ECR_Lite_ExpertService' successfully

2017-11-20 14:51:05 - [TEST_CASE][FAILED] - Test Cases/ECR/REF/ECR_Lite_ExpertService: com.helper.commonfunct.utilities.createECR is PASSED

2017-11-20 14:51:06 - [TEST_STEP][PASSED] - com.helper.commonfunct.utilities.login: com.helper.commonfunct.utilities.login is PASSED

2017-11-20 14:51:06 - [MESSAGE][WARNING] - A browser is already opened. Closing browser and opening a new one

2017-11-20 14:51:09 - [MESSAGE][PASSED] - Browser is opened with url: ''

2017-11-20 14:51:10 - [MESSAGE][PASSED] - Navigate to 'https://vtcpqa2.rpega.com:9030/tcpqa/PRServlet' successfully

2017-11-20 14:51:10 - [MESSAGE][PASSED] - Text 'pogoa@pegasystems.com' is set on object 'Object Repository/input_UserIdentifier'

2017-11-20 14:51:10 - [MESSAGE][PASSED] - Text 'install' is set on object 'Object Repository/input_Password'

2017-11-20 14:51:13 - [MESSAGE][PASSED] - Keys 'ENTER + ' sent to object: 'Object Repository/input_Password'

2017-11-20 14:51:13 - [MESSAGE][PASSED] - com.helper.commonfunct.utilities.login is PASSED

2017-11-20 14:51:13 - [TEST_STEP][FAILED] - com.helper.commonfunct.utilities.createECR: com.helper.commonfunct.utilities.createECR is PASSED

2017-11-20 14:51:13 - [MESSAGE][PASSED] - Object: 'Object Repository/Generic/a_Actions' is clicked on

2017-11-20 14:51:16 - [MESSAGE][PASSED] - Object: 'Object Repository/span_New' is focused

2017-11-20 14:51:18 - [MESSAGE][PASSED] - Object: 'Object Repository/span_Bid Process' is clicked on

2017-11-20 14:51:18 - [MESSAGE][PASSED] - Object: 'Object Repository/ECR/BID_TYPE' is clicked on

2017-11-20 14:51:18 - [MESSAGE][PASSED] - Object 'Object Repository/button_Import' is present

2017-11-20 14:51:23 - [MESSAGE][PASSED] - Delayed 5 second(s)

2017-11-20 14:51:23 - [MESSAGE][PASSED] - Object: 'Object Repository/button_Import' is clicked on

2017-11-20 14:51:24 - [MESSAGE][PASSED] - File 'C:\Users\nipin\Desktop\Latest BSW\Final\ECR_LITE_EXPSVC.xlsm' sent to object: 'Object Repository/input_PpyWorkPageppyFilePath'

2017-11-20 14:51:29 - [MESSAGE][PASSED] - Delayed 5 second(s)

2017-11-20 14:51:29 - [MESSAGE][WARNING] - Timeout '0' is invalid. Using default page load timeout: '30'

2017-11-20 14:51:29 - [MESSAGE][PASSED] - Scroll to object 'Object Repository/button_Submit' successfully

2017-11-20 14:51:29 - [MESSAGE][PASSED] - Object: 'Object Repository/button_Submit' is clicked on

2017-11-20 14:51:30 - [MESSAGE][PASSED] - Object 'Object Repository/EngInfo/COID' is visible

2017-11-20 14:51:35 - [MESSAGE][PASSED] - Delayed 5 second(s)

2017-11-20 14:51:40 - [MESSAGE][PASSED] - Delayed 5 second(s)

2017-11-20 14:51:40 - [MESSAGE][PASSED] - Text 'BOFA' is set on object 'Object Repository/Generic/ORG'

2017-11-20 14:51:45 - [MESSAGE][PASSED] - Delayed 5 second(s)

2017-11-20 14:51:45 - [MESSAGE][PASSED] - Keys 'TAB + ' sent to object: 'Object Repository/Generic/ORG'

2017-11-20 14:51:50 - [MESSAGE][PASSED] - Delayed 5 second(s)

2017-11-20 14:51:50 - [MESSAGE][PASSED] - Text 'BOFA' is set on object 'Object Repository/Generic/ACC'

2017-11-20 14:51:55 - [MESSAGE][PASSED] - Delayed 5 second(s)

2017-11-20 14:51:55 - [MESSAGE][PASSED] - Keys 'TAB + ' sent to object: 'Object Repository/Generic/ACC'

2017-11-20 14:52:00 - [MESSAGE][PASSED] - Delayed 5 second(s)

2017-11-20 14:52:00 - [MESSAGE][PASSED] - Text 'AUTOTEST1' is set on object 'Object Repository/Generic/ENG_DESC'

2017-11-20 14:52:05 - [MESSAGE][PASSED] - Delayed 5 second(s)

2017-11-20 14:52:05 - [MESSAGE][WARNING] - Timeout '0' is invalid. Using default page load timeout: '30'

2017-11-20 14:52:06 - [MESSAGE][PASSED] - Scroll to object 'Object Repository/Generic/SUBMIT' successfully

2017-11-20 14:52:06 - [MESSAGE][PASSED] - Object: 'Object Repository/Generic/SUBMIT' is clicked on

2017-11-20 14:52:11 - [MESSAGE][PASSED] - Delayed 5 second(s)

2017-11-20 14:52:11 - [MESSAGE][PASSED] - Text 'CO-12' is set on object 'Object Repository/EngInfo/COID'

2017-11-20 14:52:18 - [MESSAGE][PASSED] - Delayed 7 second(s)

2017-11-20 14:52:18 - [MESSAGE][PASSED] - Wait for page load successfully

2017-11-20 14:52:18 - [MESSAGE][PASSED] - Object: 'Object Repository/Generic/gapDrivenMethodology' is clicked on

2017-11-20 14:52:23 - [MESSAGE][PASSED] - Delayed 5 second(s)

2017-11-20 14:52:24 - [MESSAGE][PASSED] - Object: 'Object Repository/Generic/RapidDelivery' is clicked on

2017-11-20 14:52:29 - [MESSAGE][PASSED] - Delayed 5 second(s)

2017-11-20 14:52:29 - [MESSAGE][PASSED] - Object: 'Object Repository/Generic/MorethanOneRLS' is clicked on

2017-11-20 14:52:34 - [MESSAGE][PASSED] - Delayed 5 second(s)

2017-11-20 14:52:34 - [MESSAGE][PASSED] - Text '85000' is set on object 'Object Repository/ECR/Licence'

2017-11-20 14:52:39 - [MESSAGE][PASSED] - Delayed 5 second(s)

2017-11-20 14:52:39 - [MESSAGE][PASSED] - Object 'Object Repository/Generic/platform' is visible

2017-11-20 14:52:44 - [MESSAGE][PASSED] - Delayed 5 second(s)

2017-11-20 14:52:44 - [MESSAGE][PASSED] - Keys 'AMPchroma' sent to object: 'Object Repository/Generic/PlatformID'

[...]

2017-11-20 15:08:08 - [MESSAGE][PASSED] - Current window maximized

2017-11-20 15:08:13 - [MESSAGE][PASSED] - Delayed 5 second(s)

2017-11-20 15:08:14 - [MESSAGE][PASSED] - Text 'ECR-20Nov2017-31' is set on object 'Object Repository/EngInfo/search'

2017-11-20 15:08:19 - [MESSAGE][PASSED] - Delayed 5 second(s)

2017-11-20 15:08:19 - [MESSAGE][PASSED] - Keys 'ENTER + ' sent to object: 'Object Repository/EngInfo/search'

2017-11-20 15:08:24 - [MESSAGE][PASSED] - Delayed 5 second(s)

2017-11-20 15:08:24 - [MESSAGE][PASSED] - com.helper.commonfunct.utilities.search is PASSED

2017-11-20 15:08:24 - [TEST_STEP][PASSED] - com.helper.commonfunct.utilities.gsopsApprove: com.helper.commonfunct.utilities.gsopsApprove is PASSED

2017-11-20 15:08:29 - [MESSAGE][PASSED] - Delayed 5 second(s)

2017-11-20 15:08:29 - [MESSAGE][WARNING] - Timeout '0' is invalid. Using default page load timeout: '30'

2017-11-20 15:08:31 - [MESSAGE][WARNING] - Timeout '0' is invalid. Using default page load timeout: '30'

2017-11-20 15:08:31 - [MESSAGE][PASSED] - Scroll to object 'Object Repository/Approve-Reject/APPROVE_BUTTON' successfully

2017-11-20 15:08:31 - [MESSAGE][PASSED] - Object: 'Object Repository/Approve-Reject/APPROVE_BUTTON' is clicked on

2017-11-20 15:08:36 - [MESSAGE][PASSED] - Delayed 5 second(s)

2017-11-20 15:08:36 - [MESSAGE][PASSED] - Keys 'testing' sent to object: 'Object Repository/Approve-Reject/APPROVE_REJECT_NOTES'

2017-11-20 15:08:41 - [MESSAGE][PASSED] - Delayed 5 second(s)

2017-11-20 15:08:41 - [MESSAGE][WARNING] - Timeout '0' is invalid. Using default page load timeout: '30'

2017-11-20 15:08:41 - [MESSAGE][PASSED] - Scroll to object 'Object Repository/Generic/SUBMIT' successfully

2017-11-20 15:08:41 - [MESSAGE][PASSED] - Object: 'Object Repository/Generic/SUBMIT' is clicked on

2017-11-20 15:08:46 - [MESSAGE][PASSED] - Delayed 5 second(s)

2017-11-20 15:08:46 - [MESSAGE][PASSED] - com.helper.commonfunct.utilities.gsopsApprove is PASSED

2017-11-20 15:08:46 - [TEST_STEP][PASSED] - com.helper.commonfunct.utilities.WOstatus: com.helper.commonfunct.utilities.WOstatus is PASSED

2017-11-20 15:08:46 - [MESSAGE][PASSED] - Text of object 'Object Repository/ECR/WOSTATUS' is: 'Pending-Approval'

2017-11-20 15:08:46 - [MESSAGE][PASSED] - com.helper.commonfunct.utilities.WOstatus is PASSED

2017-11-20 15:08:46 - [TEST_STEP][PASSED] - Statement - For ([j = 0, j < AssignmentList.size(), (j++)]): com.helper.commonfunct.utilities.WOstatus is PASSED

2017-11-20 15:08:46 - [TEST_STEP][PASSED] - Statement - Status = text: null

2017-11-20 15:08:46 - [TEST_STEP][PASSED] - Statement - println(Status): null

2017-11-20 15:08:46 - [TEST_STEP][PASSED] - Statement - If (Status == "Pending-RDApproval"): null

2017-11-20 15:08:46 - [TEST_STEP][PASSED] - Statement - Else If (Status == "Pending-RLApproval"): null

2017-11-20 15:08:46 - [TEST_STEP][PASSED] - Statement - Else If (Status == "Pending-RDDApproval"): com.helper.commonfunct.utilities.WOstatus is PASSED

2017-11-20 15:08:46 - [TEST_STEP][PASSED] - Statement - If (RDD_Reject == false): com.helper.commonfunct.utilities.WOstatus is PASSED

2017-11-20 15:08:46 - [TEST_STEP][PASSED] - com.helper.commonfunct.utilities.login: com.helper.commonfunct.utilities.login is PASSED

2017-11-20 15:08:46 - [MESSAGE][WARNING] - A browser is already opened. Closing browser and opening a new one

2017-11-20 15:08:50 - [MESSAGE][PASSED] - Browser is opened with url: ''

2017-11-20 15:08:50 - [MESSAGE][PASSED] - Navigate to 'https://vtcpqa2.rpega.com:9030/tcpqa/PRServlet' successfully

2017-11-20 15:08:51 - [MESSAGE][PASSED] - Text 'lachd@pegasystems.com' is set on object 'Object Repository/input_UserIdentifier'

2017-11-20 15:08:51 - [MESSAGE][PASSED] - Text 'install' is set on object 'Object Repository/input_Password'

2017-11-20 15:08:54 - [MESSAGE][PASSED] - Keys 'ENTER + ' sent to object: 'Object Repository/input_Password'

2017-11-20 15:08:54 - [MESSAGE][PASSED] - com.helper.commonfunct.utilities.login is PASSED

2017-11-20 15:08:54 - [TEST_STEP][PASSED] - com.helper.commonfunct.utilities.search: com.helper.commonfunct.utilities.search is PASSED

2017-11-20 15:08:56 - [MESSAGE][PASSED] - Current window maximized

2017-11-20 15:09:01 - [MESSAGE][PASSED] - Delayed 5 second(s)

2017-11-20 15:09:01 - [MESSAGE][PASSED] - Text 'ECR-20Nov2017-31' is set on object 'Object Repository/EngInfo/search'

2017-11-20 15:09:06 - [MESSAGE][PASSED] - Delayed 5 second(s)

2017-11-20 15:09:06 - [MESSAGE][PASSED] - Keys 'ENTER + ' sent to object: 'Object Repository/EngInfo/search'

2017-11-20 15:09:11 - [MESSAGE][PASSED] - Delayed 5 second(s)

2017-11-20 15:09:11 - [MESSAGE][PASSED] - com.helper.commonfunct.utilities.search is PASSED

2017-11-20 15:09:11 - [TEST_STEP][PASSED] - com.helper.commonfunct.utilities.approve: com.helper.commonfunct.utilities.approve is PASSED

2017-11-20 15:09:16 - [MESSAGE][PASSED] - Delayed 5 second(s)

2017-11-20 15:09:16 - [MESSAGE][WARNING] - Timeout '0' is invalid. Using default page load timeout: '30'

2017-11-20 15:09:17 - [MESSAGE][PASSED] - Object: 'Object Repository/Approve-Reject/link_assignment' is clicked on

2017-11-20 15:09:22 - [MESSAGE][PASSED] - Delayed 5 second(s)

2017-11-20 15:09:22 - [MESSAGE][WARNING] - Timeout '0' is invalid. Using default page load timeout: '30'

2017-11-20 15:09:22 - [MESSAGE][PASSED] - Scroll to object 'Object Repository/Approve-Reject/APPROVE_BUTTON' successfully

2017-11-20 15:09:22 - [MESSAGE][PASSED] - Object: 'Object Repository/Approve-Reject/APPROVE_BUTTON' is clicked on

2017-11-20 15:09:27 - [MESSAGE][PASSED] - Delayed 5 second(s)

2017-11-20 15:09:28 - [MESSAGE][PASSED] - Keys 'testing' sent to object: 'Object Repository/Approve-Reject/APPROVE_REJECT_NOTES'

2017-11-20 15:09:33 - [MESSAGE][PASSED] - Delayed 5 second(s)

2017-11-20 15:09:33 - [MESSAGE][WARNING] - Timeout '0' is invalid. Using default page load timeout: '30'

2017-11-20 15:09:33 - [MESSAGE][PASSED] - Scroll to object 'Object Repository/Generic/SUBMIT' successfully

2017-11-20 15:09:33 - [MESSAGE][PASSED] - Object: 'Object Repository/Generic/SUBMIT' is clicked on

2017-11-20 15:09:38 - [MESSAGE][PASSED] - Delayed 5 second(s)

2017-11-20 15:09:38 - [MESSAGE][PASSED] - com.helper.commonfunct.utilities.approve is PASSED

2017-11-20 15:09:38 - [TEST_STEP][PASSED] - com.helper.commonfunct.utilities.WOstatus: com.helper.commonfunct.utilities.WOstatus is PASSED

2017-11-20 15:09:38 - [MESSAGE][PASSED] - Text of object 'Object Repository/ECR/WOSTATUS' is: 'Pending-Approval'

2017-11-20 15:09:38 - [MESSAGE][PASSED] - com.helper.commonfunct.utilities.WOstatus is PASSED

2017-11-20 15:09:38 - [TEST_STEP][PASSED] - Statement - For ([j = 0, j < AssignmentList.size(), (j++)]): com.helper.commonfunct.utilities.WOstatus is PASSED

2017-11-20 15:09:38 - [TEST_STEP][PASSED] - Statement - Status = text: null

2017-11-20 15:09:38 - [TEST_STEP][PASSED] - Statement - println(Status): null

2017-11-20 15:09:38 - [TEST_STEP][PASSED] - Statement - If (Status == "Pending-RDApproval"): null

2017-11-20 15:09:38 - [TEST_STEP][PASSED] - Statement - Else If (Status == "Pending-RLApproval"): null

2017-11-20 15:09:38 - [TEST_STEP][PASSED] - Statement - Else If (Status == "Pending-RDDApproval"): null

2017-11-20 15:09:38 - [TEST_STEP][PASSED] - Statement - Else If (Status == "Pending-OPSApproval"): null

2017-11-20 15:09:38 - [TEST_STEP][PASSED] - Statement - Else If (Status == "Pending-ExpSvcApproval"): com.helper.commonfunct.utilities.WOstatus is PASSED

2017-11-20 15:09:38 - [TEST_STEP][PASSED] - Statement - If (EXP_SVC_Reject == false): com.helper.commonfunct.utilities.WOstatus is PASSED

2017-11-20 15:09:38 - [TEST_STEP][PASSED] - com.helper.commonfunct.utilities.login: com.helper.commonfunct.utilities.login is PASSED

2017-11-20 15:09:38 - [MESSAGE][WARNING] - A browser is already opened. Closing browser and opening a new one

2017-11-20 15:09:42 - [MESSAGE][PASSED] - Browser is opened with url: ''

2017-11-20 15:09:43 - [MESSAGE][PASSED] - Navigate to 'https://vtcpqa2.rpega.com:9030/tcpqa/PRServlet' successfully

2017-11-20 15:09:43 - [MESSAGE][PASSED] - Text 'sachb@pegasystems.com' is set on object 'Object Repository/input_UserIdentifier'

2017-11-20 15:09:43 - [MESSAGE][PASSED] - Text 'install' is set on object 'Object Repository/input_Password'

2017-11-20 15:09:47 - [MESSAGE][PASSED] - Keys 'ENTER + ' sent to object: 'Object Repository/input_Password'

2017-11-20 15:09:47 - [MESSAGE][PASSED] - com.helper.commonfunct.utilities.login is PASSED

2017-11-20 15:09:47 - [TEST_STEP][PASSED] - com.helper.commonfunct.utilities.search: com.helper.commonfunct.utilities.search is PASSED

2017-11-20 15:09:48 - [MESSAGE][PASSED] - Current window maximized

2017-11-20 15:09:53 - [MESSAGE][PASSED] - Delayed 5 second(s)

2017-11-20 15:09:54 - [MESSAGE][PASSED] - Text 'ECR-20Nov2017-31' is set on object 'Object Repository/EngInfo/search'

2017-11-20 15:09:59 - [MESSAGE][PASSED] - Delayed 5 second(s)

2017-11-20 15:09:59 - [MESSAGE][PASSED] - Keys 'ENTER + ' sent to object: 'Object Repository/EngInfo/search'

2017-11-20 15:10:04 - [MESSAGE][PASSED] - Delayed 5 second(s)

2017-11-20 15:10:04 - [MESSAGE][PASSED] - com.helper.commonfunct.utilities.search is PASSED

2017-11-20 15:10:04 - [TEST_STEP][PASSED] - com.helper.commonfunct.utilities.approve: com.helper.commonfunct.utilities.approve is PASSED

2017-11-20 15:10:09 - [MESSAGE][PASSED] - Delayed 5 second(s)

2017-11-20 15:10:09 - [MESSAGE][WARNING] - Timeout '0' is invalid. Using default page load timeout: '30'

2017-11-20 15:10:10 - [MESSAGE][PASSED] - Object: 'Object Repository/Approve-Reject/link_assignment' is clicked on

2017-11-20 15:10:15 - [MESSAGE][PASSED] - Delayed 5 second(s)

2017-11-20 15:10:15 - [MESSAGE][WARNING] - Timeout '0' is invalid. Using default page load timeout: '30'

2017-11-20 15:10:15 - [MESSAGE][PASSED] - Scroll to object 'Object Repository/Approve-Reject/APPROVE_BUTTON' successfully

2017-11-20 15:10:16 - [MESSAGE][PASSED] - Object: 'Object Repository/Approve-Reject/APPROVE_BUTTON' is clicked on

2017-11-20 15:10:21 - [MESSAGE][PASSED] - Delayed 5 second(s)

2017-11-20 15:10:21 - [MESSAGE][PASSED] - Keys 'testing' sent to object: 'Object Repository/Approve-Reject/APPROVE_REJECT_NOTES'

2017-11-20 15:10:26 - [MESSAGE][PASSED] - Delayed 5 second(s)

2017-11-20 15:10:26 - [MESSAGE][WARNING] - Timeout '0' is invalid. Using default page load timeout: '30'

2017-11-20 15:10:26 - [MESSAGE][PASSED] - Scroll to object 'Object Repository/Generic/SUBMIT' successfully

2017-11-20 15:10:26 - [MESSAGE][PASSED] - Object: 'Object Repository/Generic/SUBMIT' is clicked on

2017-11-20 15:10:31 - [MESSAGE][PASSED] - Delayed 5 second(s)

2017-11-20 15:10:31 - [MESSAGE][PASSED] - com.helper.commonfunct.utilities.approve is PASSED

2017-11-20 15:10:31 - [TEST_STEP][PASSED] - com.helper.commonfunct.utilities.WOstatus: com.helper.commonfunct.utilities.WOstatus is PASSED

2017-11-20 15:10:31 - [MESSAGE][PASSED] - Text of object 'Object Repository/ECR/WOSTATUS' is: 'Pending-Contract'

2017-11-20 15:10:31 - [MESSAGE][PASSED] - com.helper.commonfunct.utilities.WOstatus is PASSED

2017-11-20 15:10:31 - [TEST_STEP][FAILED] - Statement - For ([j = 0, j < AssignmentList.size(), (j++)]): Unable to click on object 'Object Repository/Approve-Reject/contractlink' (Root cause: com.kms.katalon.core.webui.exception.WebElementNotFoundException: Web element with id: 'Object Repository/Approve-Reject/contractlink' located by 'By.xpath: //nobr//a[contains(.,'Create Contract')]' not found)

2017-11-20 15:10:31 - [TEST_STEP][PASSED] - Statement - Status = text: null

2017-11-20 15:10:31 - [TEST_STEP][PASSED] - Statement - println(Status): null

2017-11-20 15:10:31 - [TEST_STEP][PASSED] - Statement - If (Status == "Pending-RDApproval"): null

2017-11-20 15:10:31 - [TEST_STEP][PASSED] - Statement - Else If (Status == "Pending-RLApproval"): null

2017-11-20 15:10:31 - [TEST_STEP][PASSED] - Statement - Else If (Status == "Pending-RDDApproval"): null

2017-11-20 15:10:31 - [TEST_STEP][PASSED] - Statement - Else If (Status == "Pending-OPSApproval"): null

2017-11-20 15:10:31 - [TEST_STEP][PASSED] - Statement - Else If (Status == "Pending-ExpSvcApproval"): null

2017-11-20 15:10:31 - [TEST_STEP][PASSED] - Statement - Else If (Status == "Pending-DocUpdate"): null

2017-11-20 15:10:31 - [TEST_STEP][FAILED] - Statement - Else If (Status == "Pending-Contract"): Unable to click on object 'Object Repository/Approve-Reject/contractlink' (Root cause: com.kms.katalon.core.webui.exception.WebElementNotFoundException: Web element with id: 'Object Repository/Approve-Reject/contractlink' located by 'By.xpath: //nobr//a[contains(.,'Create Contract')]' not found)

2017-11-20 15:10:31 - [TEST_STEP][PASSED] - com.helper.commonfunct.utilities.login: com.helper.commonfunct.utilities.login is PASSED

2017-11-20 15:10:31 - [MESSAGE][WARNING] - A browser is already opened. Closing browser and opening a new one

2017-11-20 15:10:35 - [MESSAGE][PASSED] - Browser is opened with url: ''

2017-11-20 15:10:36 - [MESSAGE][PASSED] - Navigate to 'https://vtcpqa2.rpega.com:9030/tcpqa/PRServlet' successfully

2017-11-20 15:10:36 - [MESSAGE][PASSED] - Text 'hendj@pegasystems.com' is set on object 'Object Repository/input_UserIdentifier'

2017-11-20 15:10:37 - [MESSAGE][PASSED] - Text 'install' is set on object 'Object Repository/input_Password'

2017-11-20 15:10:39 - [MESSAGE][PASSED] - Keys 'ENTER + ' sent to object: 'Object Repository/input_Password'

2017-11-20 15:10:39 - [MESSAGE][PASSED] - com.helper.commonfunct.utilities.login is PASSED

2017-11-20 15:10:39 - [TEST_STEP][PASSED] - com.helper.commonfunct.utilities.search: com.helper.commonfunct.utilities.search is PASSED

2017-11-20 15:10:40 - [MESSAGE][PASSED] - Current window maximized

2017-11-20 15:10:45 - [MESSAGE][PASSED] - Delayed 5 second(s)

2017-11-20 15:10:46 - [MESSAGE][PASSED] - Text 'ECR-20Nov2017-31' is set on object 'Object Repository/EngInfo/search'

2017-11-20 15:10:51 - [MESSAGE][PASSED] - Delayed 5 second(s)

2017-11-20 15:10:51 - [MESSAGE][PASSED] - Keys 'ENTER + ' sent to object: 'Object Repository/EngInfo/search'

2017-11-20 15:10:56 - [MESSAGE][PASSED] - Delayed 5 second(s)

2017-11-20 15:10:56 - [MESSAGE][PASSED] - com.helper.commonfunct.utilities.search is PASSED

2017-11-20 15:10:56 - [TEST_STEP][PASSED] - maximizeWindow: Current window maximized

2017-11-20 15:10:56 - [MESSAGE][PASSED] - Current window maximized

2017-11-20 15:10:56 - [TEST_STEP][FAILED] - com.helper.commonfunct.utilities.ContractDisposition: Unable to click on object 'Object Repository/Approve-Reject/contractlink' (Root cause: com.kms.katalon.core.webui.exception.WebElementNotFoundException: Web element with id: 'Object Repository/Approve-Reject/contractlink' located by 'By.xpath: //nobr//a[contains(.,'Create Contract')]' not found)

2017-11-20 15:11:01 - [MESSAGE][PASSED] - Delayed 5 second(s)

2017-11-20 15:11:01 - [MESSAGE][WARNING] - Timeout '0' is invalid. Using default page load timeout: '30'

2017-11-20 15:11:32 - [MESSAGE][FAILED] - Unable to click on object 'Object Repository/Approve-Reject/contractlink' (Root cause: com.kms.katalon.core.webui.exception.WebElementNotFoundException: Web element with id: 'Object Repository/Approve-Reject/contractlink' located by 'By.xpath: //nobr//a[contains(.,'Create Contract')]' not found)
[[ATTACHMENT|C:\\Users\\nipin\\Katalon Studio\\COE\\Reports\\ECR_Lite\\20171120_144417\\1511208692572.png]]

2017-11-20 15:11:32 - [MESSAGE][FAILED] - Unable to click on object 'Object Repository/Approve-Reject/contractlink' (Root cause: com.kms.katalon.core.webui.exception.WebElementNotFoundException: Web element with id: 'Object Repository/Approve-Reject/contractlink' located by 'By.xpath: //nobr//a[contains(.,'Create Contract')]' not found)

2017-11-20 15:11:32 - [MESSAGE][FAILED] - Unable to call Test Case with id 'Test Cases/ECR/REF/ECR_Approval_Reject' (Root cause: Call Test Case 'Test Cases/ECR/REF/ECR_Approval_Reject' failed)]]></system-out>
         <system-err><![CDATA[2017-11-20 15:00:08 - [TEST_CASE][FAILED] - Test Cases/ECR/TC_ECR_Lite_ExpertService_AllApproval: Test Cases/ECR/TC_ECR_Lite_ExpertService_AllApproval FAILED because (of) Unable to click on object 'Object Repository/Approve-Reject/contractlink' (Root cause: com.kms.katalon.core.webui.exception.WebElementNotFoundException: Web element with id: 'Object Repository/Approve-Reject/contractlink' located by 'By.xpath: //nobr//a[contains(.,'Create Contract')]' not found)]]></system-err>
      </testcase>
      <system-out><![CDATA[2017-11-20 14:44:19 - [TEST_SUITE][FAILED] - ECR_Lite: Test Cases/ECR/TC_ECRLite_NoExpertService_AllApproval FAILED because (of) Unable to maximize current window (Root cause: org.openqa.selenium.WebDriverException: unknown error: failed to change window state to maximized, current state is normal
  (Session info: chrome=62.0.3202.94)
  (Driver info: chromedriver=2.33.506120 (e3e53437346286c0bc2d2dc9aa4915ba81d9023f),platform=Windows NT 6.1.7601 SP1 x86_64) (WARNING: The server did not provide any stacktrace information)
Command duration or timeout: 0 milliseconds
Build info: version: '3.7.1', revision: '8a0099a', time: '2017-11-06T21:07:36.161Z'
System info: host: 'L22622WUS', ip: '10.2.176.79', os.name: 'Windows 7', os.arch: 'amd64', os.version: '6.1', java.version: '1.8.0_102'
Driver info: com.kms.katalon.selenium.driver.CChromeDriver
Capabilities {acceptSslCerts: true, applicationCacheEnabled: false, browserConnectionEnabled: false, browserName: chrome, chrome: {chromedriverVersion: 2.33.506120 (e3e53437346286..., userDataDir: C:\Users\nipin\AppData\Loca...}, cssSelectorsEnabled: true, databaseEnabled: false, handlesAlerts: true, hasTouchScreen: false, javascriptEnabled: true, locationContextEnabled: true, mobileEmulationEnabled: false, nativeEvents: true, networkConnectionEnabled: false, pageLoadStrategy: normal, platform: XP, platformName: XP, rotatable: false, setWindowRect: true, takesHeapSnapshot: true, takesScreenshot: true, unexpectedAlertBehaviour: , unhandledPromptBehavior: , version: 62.0.3202.94, webStorageEnabled: true}
Session ID: 6234aed03d177a3ff0e8ec5a3449f781)]]></system-out>
      <system-err><![CDATA[2017-11-20 14:44:19 - [TEST_SUITE][FAILED] - ECR_Lite: Test Cases/ECR/TC_ECRLite_NoExpertService_AllApproval FAILED because (of) Unable to maximize current window (Root cause: org.openqa.selenium.WebDriverException: unknown error: failed to change window state to maximized, current state is normal
  (Session info: chrome=62.0.3202.94)
  (Driver info: chromedriver=2.33.506120 (e3e53437346286c0bc2d2dc9aa4915ba81d9023f),platform=Windows NT 6.1.7601 SP1 x86_64) (WARNING: The server did not provide any stacktrace information)
Command duration or timeout: 0 milliseconds
Build info: version: '3.7.1', revision: '8a0099a', time: '2017-11-06T21:07:36.161Z'
System info: host: 'L22622WUS', ip: '10.2.176.79', os.name: 'Windows 7', os.arch: 'amd64', os.version: '6.1', java.version: '1.8.0_102'
Driver info: com.kms.katalon.selenium.driver.CChromeDriver
Capabilities {acceptSslCerts: true, applicationCacheEnabled: false, browserConnectionEnabled: false, browserName: chrome, chrome: {chromedriverVersion: 2.33.506120 (e3e53437346286..., userDataDir: C:\Users\nipin\AppData\Loca...}, cssSelectorsEnabled: true, databaseEnabled: false, handlesAlerts: true, hasTouchScreen: false, javascriptEnabled: true, locationContextEnabled: true, mobileEmulationEnabled: false, nativeEvents: true, networkConnectionEnabled: false, pageLoadStrategy: normal, platform: XP, platformName: XP, rotatable: false, setWindowRect: true, takesHeapSnapshot: true, takesScreenshot: true, unexpectedAlertBehaviour: , unhandledPromptBehavior: , version: 62.0.3202.94, webStorageEnabled: true}
Session ID: 6234aed03d177a3ff0e8ec5a3449f781)]]></system-err>
   </testsuite>
</testsuites>
